<?xml version="1.0" encoding="UTF-8"?>
<!-- Generated by org.testng.reporters.JUnitXMLReporter -->
<testsuite hostname="QualiTest-Hemanth" name="TestHomePage" tests="2" failures="0" timestamp="6 Aug 2015 12:40:40 GMT" time="0.302" errors="0">
  <testcase name="@BeforeSuite beforeSuite" time="0.0" classname="com.trendin.tests.TestLoginPage">
    <failure type="java.lang.NoClassDefFoundError" message="org/apache/poi/ss/usermodel/Workbook">
      <![CDATA[java.lang.NoClassDefFoundError: org/apache/poi/ss/usermodel/Workbook
	at com.multiplan.kdt.util.datadriver.DataDriverFactory.create(DataDriverFactory.java:51)
	at com.trendin.core.TestParams.<init>(TestParams.java:54)
	at com.trendin.core.TrendInTestSuite.beforeSuite(TrendInTestSuite.java:112)
Caused by: java.lang.ClassNotFoundException: org.apache.poi.ss.usermodel.Workbook
	at java.net.URLClassLoader$1.run(URLClassLoader.java:366)
	at java.net.URLClassLoader$1.run(URLClassLoader.java:355)
	at java.security.AccessController.doPrivileged(Native Method)
	at java.net.URLClassLoader.findClass(URLClassLoader.java:354)
	at java.lang.ClassLoader.loadClass(ClassLoader.java:425)
	at sun.misc.Launcher$AppClassLoader.loadClass(Launcher.java:308)
	at java.lang.ClassLoader.loadClass(ClassLoader.java:358)
	... 21 more
... Removed 18 stack frames]]>
    </failure>
  </testcase> <!-- @BeforeSuite beforeSuite -->
  <testcase name="@BeforeTest starting" time="0.0" classname="com.trendin.tests.TestLoginPage">
    <skipped/>
  </testcase> <!-- @BeforeTest starting -->
  <testcase name="@BeforeMethod start" time="0.0" classname="com.trendin.tests.TestLoginPage">
    <skipped/>
  </testcase> <!-- @BeforeMethod start -->
  <testcase name="@BeforeMethod start" time="0.0" classname="com.trendin.tests.TestLoginPage">
    <skipped/>
  </testcase> <!-- @BeforeMethod start -->
  <testcase name="@AfterTest ending" time="0.0" classname="com.trendin.tests.TestLoginPage">
    <failure type="java.lang.NullPointerException">
      <![CDATA[java.lang.NullPointerException
	at com.trendin.core.TrendInTestSuite.tearDown(TrendInTestSuite.java:225)
	at com.trendin.core.TrendInTestSuite.ending(TrendInTestSuite.java:219)
... Removed 22 stack frames]]>
    </failure>
  </testcase> <!-- @AfterTest ending -->
  <testcase name="verifyRegisterPage" time="0.002" classname="com.trendin.tests.TestLoginPage">
    <skipped/>
  </testcase> <!-- verifyRegisterPage -->
  <testcase name="verifyRegisterPage" time="0.001" classname="com.trendin.tests.TestLoginPage">
    <skipped/>
  </testcase> <!-- verifyRegisterPage -->
</testsuite> <!-- TestHomePage -->
