-------------------------------------------------------------------------------
Test set: com.trendin.tests.TestPages
-------------------------------------------------------------------------------
Tests run: 1, Failures: 1, Errors: 0, Skipped: 0, Time elapsed: 44.504 sec <<< FAILURE!
testFirstTestCase(com.trendin.tests.TestPages)  Time elapsed: 0.019 sec  <<< FAILURE!
java.lang.IllegalArgumentException: Cannot find elements when the XPath expression is null.
	at org.openqa.selenium.By.xpath(By.java:113)
	at com.trendin.pages.HomePage.verifyHomePageLogo(HomePage.java:15)
	at com.trendin.tests.TestPages.testFirstTestCase(TestPages.java:14)

