<?xml version="1.0" encoding="UTF-8"?>
<!-- Generated by org.testng.reporters.JUnitXMLReporter -->
<testsuite hostname="QualiTest-PC" name="EndToEnd" tests="11" failures="2" timestamp="24 Sep 2015 11:11:57 GMT" time="1156.915" errors="0">
  <testcase name="testScenario3" time="96.541" classname="com.trendin.tests.TestEndToEnd"/>
  <testcase name="testVerifyCancelOrderPage" time="163.584" classname="com.trendin.tests.TestEndToEnd"/>
  <testcase name="testVerifyCouponsAndVouchersFaceBookNavigation" time="54.275" classname="com.trendin.tests.TestEndToEnd"/>
  <testcase name="testVerifyCouponsAndVouchersGoogleNavigation" time="43.557" classname="com.trendin.tests.TestEndToEnd"/>
  <testcase name="testVerifyLoginOrRegisterFacebookNavigation" time="27.996" classname="com.trendin.tests.TestEndToEnd">
    <failure type="com.trendin.core.util.exceptions.POMMethodExecException" message="Could find the webElement to get the Text">
      <![CDATA[com.trendin.core.util.exceptions.POMMethodExecException: Could find the webElement to get the Text
	at com.trendin.core.ElementOperation.getText(ElementOperation.java:96)
	at com.trendin.pages.LoginPage.verifyUserNameInHomePage(LoginPage.java:7074)
	at com.trendin.tests.TestEndToEnd.testVerifyLoginOrRegisterFacebookNavigation(TestEndToEnd.java:180)
Caused by: com.trendin.core.util.exceptions.POMMethodExecException: Could not find the matching element
	at com.trendin.core.ElementOperation.getWebElement(ElementOperation.java:145)
	at com.trendin.core.ElementOperation.getText(ElementOperation.java:91)
	... 26 more
Caused by: org.openqa.selenium.NoSuchElementException: Unable to locate element: {"method":"css selector","selector":".user_char_ctrl"}
Command duration or timeout: 3.05 seconds
For documentation on this error, please visit: http://seleniumhq.org/exceptions/no_such_element.html
Build info: version: '2.40.0', revision: 'fbe29a9', time: '2014-02-19 20:55:11'
System info: host: 'QualiTest-PC', ip: '192.168.220.1', os.name: 'Windows 7', os.arch: 'amd64', os.version: '6.1', java.version: '1.8.0_51'
Driver info: org.openqa.selenium.firefox.FirefoxDriver
Capabilities [{applicationCacheEnabled=true, rotatable=false, handlesAlerts=true, databaseEnabled=true, version=31.0, platform=XP, nativeEvents=false, acceptSslCerts=true, webStorageEnabled=true, locationContextEnabled=true, browserName=firefox, takesScreenshot=true, javascriptEnabled=true, cssSelectorsEnabled=true}]
Session ID: 10860429-96aa-4cbf-a356-297a89392ab7
	at org.openqa.selenium.remote.ErrorHandler.createThrowable(ErrorHandler.java:193)
	at org.openqa.selenium.remote.ErrorHandler.throwIfResponseFailed(ErrorHandler.java:145)
	at org.openqa.selenium.remote.RemoteWebDriver.execute(RemoteWebDriver.java:573)
	at org.openqa.selenium.remote.RemoteWebDriver.findElement(RemoteWebDriver.java:326)
	at org.openqa.selenium.remote.RemoteWebDriver.findElementByCssSelector(RemoteWebDriver.java:415)
	at org.openqa.selenium.By$ByCssSelector.findElement(By.java:426)
	at org.openqa.selenium.remote.RemoteWebDriver.findElement(RemoteWebDriver.java:318)
	at com.trendin.core.ElementOperation.getWebElement(ElementOperation.java:136)
	... 27 more
Caused by: org.openqa.selenium.remote.ErrorHandler$UnknownServerException: Unable to locate element: {"method":"css selector","selector":".user_char_ctrl"}
Build info: version: '2.40.0', revision: 'fbe29a9', time: '2014-02-19 20:55:11'
System info: host: 'QualiTest-PC', ip: '192.168.220.1', os.name: 'Windows 7', os.arch: 'amd64', os.version: '6.1', java.version: '1.8.0_51'
Driver info: driver.version: unknown
	at <anonymous class>.FirefoxDriver.prototype.findElementInternal_(file:///C:/Users/QUALIT~1/AppData/Local/Temp/anonymous6307014856450372362webdriver-profile/extensions/fxdriver@googlecode.com/components/driver_component.js:8904:133)
	at <anonymous class>.fxdriver.Timer.prototype.setTimeout/<.notify(file:///C:/Users/QUALIT~1/AppData/Local/Temp/anonymous6307014856450372362webdriver-profile/extensions/fxdriver@googlecode.com/components/driver_component.js:396:5)
... Removed 28 stack frames]]>
    </failure>
  </testcase> <!-- testVerifyLoginOrRegisterFacebookNavigation -->
  <testcase name="testVerifyLoginOrRegisterGoogleNavigation" time="15.144" classname="com.trendin.tests.TestEndToEnd"/>
  <testcase name="testVerifyNewlyRegisteredUser" time="97.379" classname="com.trendin.tests.TestEndToEnd"/>
  <testcase name="testVerifyOrderPlacingByLogginginInAddressPage" time="119.118" classname="com.trendin.tests.TestEndToEnd"/>
  <testcase name="testVerifyOrderPlacingByLogginginInHomePage" time="111.763" classname="com.trendin.tests.TestEndToEnd"/>
  <testcase name="testVerifyUserNameInHomePageFromFacebook" time="112.379" classname="com.trendin.tests.TestEndToEnd">
    <failure type="com.trendin.core.util.exceptions.POMMethodExecException" message="Could find the webElement to get the Text">
      <![CDATA[com.trendin.core.util.exceptions.POMMethodExecException: Could find the webElement to get the Text
	at com.trendin.core.ElementOperation.getText(ElementOperation.java:96)
	at com.trendin.pages.LoginPage.verifyUserNameInHomePage(LoginPage.java:7074)
	at com.trendin.tests.TestEndToEnd.testVerifyUserNameInHomePageFromFacebook(TestEndToEnd.java:281)
Caused by: com.trendin.core.util.exceptions.POMMethodExecException: Could not find the matching element
	at com.trendin.core.ElementOperation.getWebElement(ElementOperation.java:145)
	at com.trendin.core.ElementOperation.getText(ElementOperation.java:91)
	... 26 more
Caused by: org.openqa.selenium.NoSuchElementException: Unable to locate element: {"method":"css selector","selector":".user_char_ctrl"}
Command duration or timeout: 3.06 seconds
For documentation on this error, please visit: http://seleniumhq.org/exceptions/no_such_element.html
Build info: version: '2.40.0', revision: 'fbe29a9', time: '2014-02-19 20:55:11'
System info: host: 'QualiTest-PC', ip: '192.168.220.1', os.name: 'Windows 7', os.arch: 'amd64', os.version: '6.1', java.version: '1.8.0_51'
Driver info: org.openqa.selenium.firefox.FirefoxDriver
Capabilities [{applicationCacheEnabled=true, rotatable=false, handlesAlerts=true, databaseEnabled=true, version=31.0, platform=XP, nativeEvents=false, acceptSslCerts=true, webStorageEnabled=true, locationContextEnabled=true, browserName=firefox, takesScreenshot=true, javascriptEnabled=true, cssSelectorsEnabled=true}]
Session ID: a14487d0-a877-446c-94c8-ac997d8e6fe1
	at org.openqa.selenium.remote.ErrorHandler.createThrowable(ErrorHandler.java:193)
	at org.openqa.selenium.remote.ErrorHandler.throwIfResponseFailed(ErrorHandler.java:145)
	at org.openqa.selenium.remote.RemoteWebDriver.execute(RemoteWebDriver.java:573)
	at org.openqa.selenium.remote.RemoteWebDriver.findElement(RemoteWebDriver.java:326)
	at org.openqa.selenium.remote.RemoteWebDriver.findElementByCssSelector(RemoteWebDriver.java:415)
	at org.openqa.selenium.By$ByCssSelector.findElement(By.java:426)
	at org.openqa.selenium.remote.RemoteWebDriver.findElement(RemoteWebDriver.java:318)
	at com.trendin.core.ElementOperation.getWebElement(ElementOperation.java:136)
	... 27 more
Caused by: org.openqa.selenium.remote.ErrorHandler$UnknownServerException: Unable to locate element: {"method":"css selector","selector":".user_char_ctrl"}
Build info: version: '2.40.0', revision: 'fbe29a9', time: '2014-02-19 20:55:11'
System info: host: 'QualiTest-PC', ip: '192.168.220.1', os.name: 'Windows 7', os.arch: 'amd64', os.version: '6.1', java.version: '1.8.0_51'
Driver info: driver.version: unknown
	at <anonymous class>.FirefoxDriver.prototype.findElementInternal_(file:///C:/Users/QUALIT~1/AppData/Local/Temp/anonymous4794806898543906409webdriver-profile/extensions/fxdriver@googlecode.com/components/driver_component.js:8904:133)
	at <anonymous class>.fxdriver.Timer.prototype.setTimeout/<.notify(file:///C:/Users/QUALIT~1/AppData/Local/Temp/anonymous4794806898543906409webdriver-profile/extensions/fxdriver@googlecode.com/components/driver_component.js:396:5)
... Removed 28 stack frames]]>
    </failure>
  </testcase> <!-- testVerifyUserNameInHomePageFromFacebook -->
  <testcase name="testVerifyUserNameInHomePageFromGoogle" time="95.429" classname="com.trendin.tests.TestEndToEnd"/>
</testsuite> <!-- EndToEnd -->
