<html>
<head>
<title>TestNG:  LouisPhilippePage</title>
<link href="../testng.css" rel="stylesheet" type="text/css" />
<link href="../my-testng.css" rel="stylesheet" type="text/css" />

<style type="text/css">
.log { display: none;} 
.stack-trace { display: none;} 
</style>
<script type="text/javascript">
<!--
function flip(e) {
  current = e.style.display;
  if (current == 'block') {
    e.style.display = 'none';
    return 0;
  }
  else {
    e.style.display = 'block';
    return 1;
  }
}

function toggleBox(szDivId, elem, msg1, msg2)
{
  var res = -1;  if (document.getElementById) {
    res = flip(document.getElementById(szDivId));
  }
  else if (document.all) {
    // this is the way old msie versions work
    res = flip(document.all[szDivId]);
  }
  if(elem) {
    if(res == 0) elem.innerHTML = msg1; else elem.innerHTML = msg2;
  }

}

function toggleAllBoxes() {
  if (document.getElementsByTagName) {
    d = document.getElementsByTagName('div');
    for (i = 0; i < d.length; i++) {
      if (d[i].className == 'log') {
        flip(d[i]);
      }
    }
  }
}

// -->
</script>

</head>
<body>
<h2 align='center'>LouisPhilippePage</h2><table border='1' align="center">
<tr>
<td>Tests passed/Failed/Skipped:</td><td>19/2/0</td>
</tr><tr>
<td>Started on:</td><td>Fri Sep 04 18:02:10 IST 2015</td>
</tr>
<tr><td>Total time:</td><td>1585 seconds (1585588 ms)</td>
</tr><tr>
<td>Included groups:</td><td>Module5 </td>
</tr><tr>
<td>Excluded groups:</td><td></td>
</tr>
</table><p/>
<small><i>(Hover the method name to see the test class name)</i></small><p/>
<table width='100%' border='1' class='invocation-failed'>
<tr><td colspan='4' align='center'><b>FAILED TESTS</b></td></tr>
<tr><td><b>Test method</b></td>
<td width="30%"><b>Exception</b></td>
<td width="10%"><b>Time (seconds)</b></td>
<td><b>Instance</b></td>
</tr>
<tr>
<td title='com.trendin.tests.TestLouisPhilippePage.testVerifyTinyUserNamePage()'><b>testVerifyTinyUserNamePage</b><br>Test class: com.trendin.tests.TestLouisPhilippePage</td>
<td><div><pre>com.trendin.core.util.exceptions.POMMethodExecException: Could find the webElement
	at com.trendin.core.ElementOperation.verifyElementIsDisplayed(ElementOperation.java:121)
	at com.trendin.pages.LouisPhilippePage.verifyTinyUserNamePage(LouisPhilippePage.java:473)
	at com.trendin.tests.TestLouisPhilippePage.testVerifyTinyUserNamePage(TestLouisPhilippePage.java:123)
Caused by: com.trendin.core.util.exceptions.POMMethodExecException: Could not find the matching element
	at com.trendin.core.ElementOperation.getWebElement(ElementOperation.java:145)
	at com.trendin.core.ElementOperation.verifyElementIsDisplayed(ElementOperation.java:117)
	... 26 more
Caused by: org.openqa.selenium.NoSuchElementException: Unable to locate element: {&quot;method&quot;:&quot;xpath&quot;,&quot;selector&quot;:&quot;//h3[contains(.,&apos;ORDER HISTORY&apos;)]&quot;}
Command duration or timeout: 5.30 seconds
For documentation on this error, please visit: http://seleniumhq.org/exceptions/no_such_element.html
Build info: version: &apos;2.40.0&apos;, revision: &apos;fbe29a9&apos;, time: &apos;2014-02-19 20:55:11&apos;
System info: host: &apos;Qualitest-PC&apos;, ip: &apos;10.50.2.152&apos;, os.name: &apos;Windows 7&apos;, os.arch: &apos;amd64&apos;, os.version: &apos;6.1&apos;, java.version: &apos;1.7.0_67&apos;
Session ID: 14828c41-66c2-4d06-8dba-66b60bbee62a
Driver info: org.openqa.selenium.firefox.FirefoxDriver
Capabilities [{platform=XP, databaseEnabled=true, cssSelectorsEnabled=true, javascriptEnabled=true, acceptSslCerts=true, handlesAlerts=true, browserName=firefox, webStorageEnabled=true, nativeEvents=false, rotatable=false, locationContextEnabled=true, applicationCacheEnabled=true, takesScreenshot=true, version=31.0}]
	at org.openqa.selenium.remote.ErrorHandler.createThrowable(ErrorHandler.java:193)
	at org.openqa.selenium.remote.ErrorHandler.throwIfResponseFailed(ErrorHandler.java:145)
	at org.openqa.selenium.remote.RemoteWebDriver.execute(RemoteWebDriver.java:573)
	at org.openqa.selenium.remote.RemoteWebDriver.findElement(RemoteWebDriver.java:326)
	at org.openqa.selenium.remote.RemoteWebDriver.findElementByXPath(RemoteWebDriver.java:423)
	at org.openqa.selenium.By$ByXPath.findElement(By.java:357)
	at org.openqa.selenium.remote.RemoteWebDriver.findElement(RemoteWebDriver.java:318)
	at com.trendin.core.ElementOperation.getWebElement(ElementOperation.java:134)
	... 27 more
Caused by: org.openqa.selenium.remote.ErrorHandler$UnknownServerException: Unable to locate element: {&quot;method&quot;:&quot;xpath&quot;,&quot;selector&quot;:&quot;//h3[contains(.,&apos;ORDER HISTORY&apos;)]&quot;}
Build info: version: &apos;2.40.0&apos;, revision: &apos;fbe29a9&apos;, time: &apos;2014-02-19 20:55:11&apos;
System info: host: &apos;Qualitest-PC&apos;, ip: &apos;10.50.2.152&apos;, os.name: &apos;Windows 7&apos;, os.arch: &apos;amd64&apos;, os.version: &apos;6.1&apos;, java.version: &apos;1.7.0_67&apos;
Driver info: driver.version: unknown
	at &lt;anonymous class&gt;.FirefoxDriver.prototype.findElementInternal_(file:///C:/Users/QUALIT~1/AppData/Local/Temp/anonymous7542529390009729454webdriver-profile/extensions/fxdriver@googlecode.com/components/driver_component.js:8904:133)
	at &lt;anonymous class&gt;.fxdriver.Timer.prototype.setTimeout/&lt;.notify(file:///C:/Users/QUALIT~1/AppData/Local/Temp/anonymous7542529390009729454webdriver-profile/extensions/fxdriver@googlecode.com/components/driver_component.js:396:5)
... Removed 28 stack frames</pre></div><a href='#' onClick='toggleBox("stack-trace1999301068", this, "Click to show all stack frames", "Click to hide stack frames")'>Click to show all stack frames</a>
<div class='stack-trace' id='stack-trace1999301068'><pre>com.trendin.core.util.exceptions.POMMethodExecException: Could find the webElement
	at com.trendin.core.ElementOperation.verifyElementIsDisplayed(ElementOperation.java:121)
	at com.trendin.pages.LouisPhilippePage.verifyTinyUserNamePage(LouisPhilippePage.java:473)
	at com.trendin.tests.TestLouisPhilippePage.testVerifyTinyUserNamePage(TestLouisPhilippePage.java:123)
	at sun.reflect.NativeMethodAccessorImpl.invoke0(Native Method)
	at sun.reflect.NativeMethodAccessorImpl.invoke(Unknown Source)
	at sun.reflect.DelegatingMethodAccessorImpl.invoke(Unknown Source)
	at java.lang.reflect.Method.invoke(Unknown Source)
	at org.testng.internal.MethodInvocationHelper.invokeMethod(MethodInvocationHelper.java:85)
	at org.testng.internal.Invoker.invokeMethod(Invoker.java:696)
	at org.testng.internal.Invoker.invokeTestMethod(Invoker.java:882)
	at org.testng.internal.Invoker.invokeTestMethods(Invoker.java:1189)
	at org.testng.internal.TestMethodWorker.invokeTestMethods(TestMethodWorker.java:124)
	at org.testng.internal.TestMethodWorker.run(TestMethodWorker.java:108)
	at org.testng.TestRunner.privateRun(TestRunner.java:767)
	at org.testng.TestRunner.run(TestRunner.java:617)
	at org.testng.SuiteRunner.runTest(SuiteRunner.java:348)
	at org.testng.SuiteRunner.runSequentially(SuiteRunner.java:343)
	at org.testng.SuiteRunner.privateRun(SuiteRunner.java:305)
	at org.testng.SuiteRunner.run(SuiteRunner.java:254)
	at org.testng.SuiteRunnerWorker.runSuite(SuiteRunnerWorker.java:52)
	at org.testng.SuiteRunnerWorker.run(SuiteRunnerWorker.java:86)
	at org.testng.TestNG.runSuitesSequentially(TestNG.java:1224)
	at org.testng.TestNG.runSuitesLocally(TestNG.java:1149)
	at org.testng.TestNG.run(TestNG.java:1057)
	at org.testng.remote.RemoteTestNG.run(RemoteTestNG.java:111)
	at org.testng.remote.RemoteTestNG.initAndRun(RemoteTestNG.java:204)
	at org.testng.remote.RemoteTestNG.main(RemoteTestNG.java:175)
Caused by: com.trendin.core.util.exceptions.POMMethodExecException: Could not find the matching element
	at com.trendin.core.ElementOperation.getWebElement(ElementOperation.java:145)
	at com.trendin.core.ElementOperation.verifyElementIsDisplayed(ElementOperation.java:117)
	... 26 more
Caused by: org.openqa.selenium.NoSuchElementException: Unable to locate element: {&quot;method&quot;:&quot;xpath&quot;,&quot;selector&quot;:&quot;//h3[contains(.,&apos;ORDER HISTORY&apos;)]&quot;}
Command duration or timeout: 5.30 seconds
For documentation on this error, please visit: http://seleniumhq.org/exceptions/no_such_element.html
Build info: version: &apos;2.40.0&apos;, revision: &apos;fbe29a9&apos;, time: &apos;2014-02-19 20:55:11&apos;
System info: host: &apos;Qualitest-PC&apos;, ip: &apos;10.50.2.152&apos;, os.name: &apos;Windows 7&apos;, os.arch: &apos;amd64&apos;, os.version: &apos;6.1&apos;, java.version: &apos;1.7.0_67&apos;
Session ID: 14828c41-66c2-4d06-8dba-66b60bbee62a
Driver info: org.openqa.selenium.firefox.FirefoxDriver
Capabilities [{platform=XP, databaseEnabled=true, cssSelectorsEnabled=true, javascriptEnabled=true, acceptSslCerts=true, handlesAlerts=true, browserName=firefox, webStorageEnabled=true, nativeEvents=false, rotatable=false, locationContextEnabled=true, applicationCacheEnabled=true, takesScreenshot=true, version=31.0}]
	at sun.reflect.NativeConstructorAccessorImpl.newInstance0(Native Method)
	at sun.reflect.NativeConstructorAccessorImpl.newInstance(Unknown Source)
	at sun.reflect.DelegatingConstructorAccessorImpl.newInstance(Unknown Source)
	at java.lang.reflect.Constructor.newInstance(Unknown Source)
	at org.openqa.selenium.remote.ErrorHandler.createThrowable(ErrorHandler.java:193)
	at org.openqa.selenium.remote.ErrorHandler.throwIfResponseFailed(ErrorHandler.java:145)
	at org.openqa.selenium.remote.RemoteWebDriver.execute(RemoteWebDriver.java:573)
	at org.openqa.selenium.remote.RemoteWebDriver.findElement(RemoteWebDriver.java:326)
	at org.openqa.selenium.remote.RemoteWebDriver.findElementByXPath(RemoteWebDriver.java:423)
	at org.openqa.selenium.By$ByXPath.findElement(By.java:357)
	at org.openqa.selenium.remote.RemoteWebDriver.findElement(RemoteWebDriver.java:318)
	at com.trendin.core.ElementOperation.getWebElement(ElementOperation.java:134)
	... 27 more
Caused by: org.openqa.selenium.remote.ErrorHandler$UnknownServerException: Unable to locate element: {&quot;method&quot;:&quot;xpath&quot;,&quot;selector&quot;:&quot;//h3[contains(.,&apos;ORDER HISTORY&apos;)]&quot;}
Build info: version: &apos;2.40.0&apos;, revision: &apos;fbe29a9&apos;, time: &apos;2014-02-19 20:55:11&apos;
System info: host: &apos;Qualitest-PC&apos;, ip: &apos;10.50.2.152&apos;, os.name: &apos;Windows 7&apos;, os.arch: &apos;amd64&apos;, os.version: &apos;6.1&apos;, java.version: &apos;1.7.0_67&apos;
Driver info: driver.version: unknown
	at &lt;anonymous class&gt;.FirefoxDriver.prototype.findElementInternal_(file:///C:/Users/QUALIT~1/AppData/Local/Temp/anonymous7542529390009729454webdriver-profile/extensions/fxdriver@googlecode.com/components/driver_component.js:8904:133)
	at &lt;anonymous class&gt;.fxdriver.Timer.prototype.setTimeout/&lt;.notify(file:///C:/Users/QUALIT~1/AppData/Local/Temp/anonymous7542529390009729454webdriver-profile/extensions/fxdriver@googlecode.com/components/driver_component.js:396:5)
</pre></div></td>
<td>29</td>
<td>com.trendin.tests.TestLouisPhilippePage@7798ce82</td></tr>
<tr>
<td title='com.trendin.tests.TestLouisPhilippePage.testVerifyUserDropDownNavigationPage()'><b>testVerifyUserDropDownNavigationPage</b><br>Test class: com.trendin.tests.TestLouisPhilippePage</td>
<td><div><pre>com.trendin.core.util.exceptions.POMMethodExecException: Could find the webElement
	at com.trendin.core.ElementOperation.verifyElementIsDisplayed(ElementOperation.java:121)
	at com.trendin.pages.LoginPage.verifyMyAccount(LoginPage.java:650)
	at com.trendin.tests.TestLouisPhilippePage.testVerifyUserDropDownNavigationPage(TestLouisPhilippePage.java:105)
Caused by: com.trendin.core.util.exceptions.POMMethodExecException: Could not find the matching element
	at com.trendin.core.ElementOperation.getWebElement(ElementOperation.java:145)
	at com.trendin.core.ElementOperation.verifyElementIsDisplayed(ElementOperation.java:117)
	... 26 more
Caused by: org.openqa.selenium.NoSuchElementException: Unable to locate element: {&quot;method&quot;:&quot;xpath&quot;,&quot;selector&quot;:&quot;//a[contains(.,&apos;Your Personal Information&apos;)]&quot;}
Command duration or timeout: 5.12 seconds
For documentation on this error, please visit: http://seleniumhq.org/exceptions/no_such_element.html
Build info: version: &apos;2.40.0&apos;, revision: &apos;fbe29a9&apos;, time: &apos;2014-02-19 20:55:11&apos;
System info: host: &apos;Qualitest-PC&apos;, ip: &apos;10.50.2.152&apos;, os.name: &apos;Windows 7&apos;, os.arch: &apos;amd64&apos;, os.version: &apos;6.1&apos;, java.version: &apos;1.7.0_67&apos;
Session ID: 5f978627-b3eb-4d5c-9103-3f3cbfad97fa
Driver info: org.openqa.selenium.firefox.FirefoxDriver
Capabilities [{platform=XP, databaseEnabled=true, cssSelectorsEnabled=true, javascriptEnabled=true, acceptSslCerts=true, handlesAlerts=true, browserName=firefox, webStorageEnabled=true, nativeEvents=false, rotatable=false, locationContextEnabled=true, applicationCacheEnabled=true, takesScreenshot=true, version=31.0}]
	at org.openqa.selenium.remote.ErrorHandler.createThrowable(ErrorHandler.java:193)
	at org.openqa.selenium.remote.ErrorHandler.throwIfResponseFailed(ErrorHandler.java:145)
	at org.openqa.selenium.remote.RemoteWebDriver.execute(RemoteWebDriver.java:573)
	at org.openqa.selenium.remote.RemoteWebDriver.findElement(RemoteWebDriver.java:326)
	at org.openqa.selenium.remote.RemoteWebDriver.findElementByXPath(RemoteWebDriver.java:423)
	at org.openqa.selenium.By$ByXPath.findElement(By.java:357)
	at org.openqa.selenium.remote.RemoteWebDriver.findElement(RemoteWebDriver.java:318)
	at com.trendin.core.ElementOperation.getWebElement(ElementOperation.java:134)
	... 27 more
Caused by: org.openqa.selenium.remote.ErrorHandler$UnknownServerException: Unable to locate element: {&quot;method&quot;:&quot;xpath&quot;,&quot;selector&quot;:&quot;//a[contains(.,&apos;Your Personal Information&apos;)]&quot;}
Build info: version: &apos;2.40.0&apos;, revision: &apos;fbe29a9&apos;, time: &apos;2014-02-19 20:55:11&apos;
System info: host: &apos;Qualitest-PC&apos;, ip: &apos;10.50.2.152&apos;, os.name: &apos;Windows 7&apos;, os.arch: &apos;amd64&apos;, os.version: &apos;6.1&apos;, java.version: &apos;1.7.0_67&apos;
Driver info: driver.version: unknown
	at &lt;anonymous class&gt;.FirefoxDriver.prototype.findElementInternal_(file:///C:/Users/QUALIT~1/AppData/Local/Temp/anonymous2202562074155029067webdriver-profile/extensions/fxdriver@googlecode.com/components/driver_component.js:8904:133)
	at &lt;anonymous class&gt;.fxdriver.Timer.prototype.setTimeout/&lt;.notify(file:///C:/Users/QUALIT~1/AppData/Local/Temp/anonymous2202562074155029067webdriver-profile/extensions/fxdriver@googlecode.com/components/driver_component.js:396:5)
... Removed 28 stack frames</pre></div><a href='#' onClick='toggleBox("stack-trace939872055", this, "Click to show all stack frames", "Click to hide stack frames")'>Click to show all stack frames</a>
<div class='stack-trace' id='stack-trace939872055'><pre>com.trendin.core.util.exceptions.POMMethodExecException: Could find the webElement
	at com.trendin.core.ElementOperation.verifyElementIsDisplayed(ElementOperation.java:121)
	at com.trendin.pages.LoginPage.verifyMyAccount(LoginPage.java:650)
	at com.trendin.tests.TestLouisPhilippePage.testVerifyUserDropDownNavigationPage(TestLouisPhilippePage.java:105)
	at sun.reflect.NativeMethodAccessorImpl.invoke0(Native Method)
	at sun.reflect.NativeMethodAccessorImpl.invoke(Unknown Source)
	at sun.reflect.DelegatingMethodAccessorImpl.invoke(Unknown Source)
	at java.lang.reflect.Method.invoke(Unknown Source)
	at org.testng.internal.MethodInvocationHelper.invokeMethod(MethodInvocationHelper.java:85)
	at org.testng.internal.Invoker.invokeMethod(Invoker.java:696)
	at org.testng.internal.Invoker.invokeTestMethod(Invoker.java:882)
	at org.testng.internal.Invoker.invokeTestMethods(Invoker.java:1189)
	at org.testng.internal.TestMethodWorker.invokeTestMethods(TestMethodWorker.java:124)
	at org.testng.internal.TestMethodWorker.run(TestMethodWorker.java:108)
	at org.testng.TestRunner.privateRun(TestRunner.java:767)
	at org.testng.TestRunner.run(TestRunner.java:617)
	at org.testng.SuiteRunner.runTest(SuiteRunner.java:348)
	at org.testng.SuiteRunner.runSequentially(SuiteRunner.java:343)
	at org.testng.SuiteRunner.privateRun(SuiteRunner.java:305)
	at org.testng.SuiteRunner.run(SuiteRunner.java:254)
	at org.testng.SuiteRunnerWorker.runSuite(SuiteRunnerWorker.java:52)
	at org.testng.SuiteRunnerWorker.run(SuiteRunnerWorker.java:86)
	at org.testng.TestNG.runSuitesSequentially(TestNG.java:1224)
	at org.testng.TestNG.runSuitesLocally(TestNG.java:1149)
	at org.testng.TestNG.run(TestNG.java:1057)
	at org.testng.remote.RemoteTestNG.run(RemoteTestNG.java:111)
	at org.testng.remote.RemoteTestNG.initAndRun(RemoteTestNG.java:204)
	at org.testng.remote.RemoteTestNG.main(RemoteTestNG.java:175)
Caused by: com.trendin.core.util.exceptions.POMMethodExecException: Could not find the matching element
	at com.trendin.core.ElementOperation.getWebElement(ElementOperation.java:145)
	at com.trendin.core.ElementOperation.verifyElementIsDisplayed(ElementOperation.java:117)
	... 26 more
Caused by: org.openqa.selenium.NoSuchElementException: Unable to locate element: {&quot;method&quot;:&quot;xpath&quot;,&quot;selector&quot;:&quot;//a[contains(.,&apos;Your Personal Information&apos;)]&quot;}
Command duration or timeout: 5.12 seconds
For documentation on this error, please visit: http://seleniumhq.org/exceptions/no_such_element.html
Build info: version: &apos;2.40.0&apos;, revision: &apos;fbe29a9&apos;, time: &apos;2014-02-19 20:55:11&apos;
System info: host: &apos;Qualitest-PC&apos;, ip: &apos;10.50.2.152&apos;, os.name: &apos;Windows 7&apos;, os.arch: &apos;amd64&apos;, os.version: &apos;6.1&apos;, java.version: &apos;1.7.0_67&apos;
Session ID: 5f978627-b3eb-4d5c-9103-3f3cbfad97fa
Driver info: org.openqa.selenium.firefox.FirefoxDriver
Capabilities [{platform=XP, databaseEnabled=true, cssSelectorsEnabled=true, javascriptEnabled=true, acceptSslCerts=true, handlesAlerts=true, browserName=firefox, webStorageEnabled=true, nativeEvents=false, rotatable=false, locationContextEnabled=true, applicationCacheEnabled=true, takesScreenshot=true, version=31.0}]
	at sun.reflect.NativeConstructorAccessorImpl.newInstance0(Native Method)
	at sun.reflect.NativeConstructorAccessorImpl.newInstance(Unknown Source)
	at sun.reflect.DelegatingConstructorAccessorImpl.newInstance(Unknown Source)
	at java.lang.reflect.Constructor.newInstance(Unknown Source)
	at org.openqa.selenium.remote.ErrorHandler.createThrowable(ErrorHandler.java:193)
	at org.openqa.selenium.remote.ErrorHandler.throwIfResponseFailed(ErrorHandler.java:145)
	at org.openqa.selenium.remote.RemoteWebDriver.execute(RemoteWebDriver.java:573)
	at org.openqa.selenium.remote.RemoteWebDriver.findElement(RemoteWebDriver.java:326)
	at org.openqa.selenium.remote.RemoteWebDriver.findElementByXPath(RemoteWebDriver.java:423)
	at org.openqa.selenium.By$ByXPath.findElement(By.java:357)
	at org.openqa.selenium.remote.RemoteWebDriver.findElement(RemoteWebDriver.java:318)
	at com.trendin.core.ElementOperation.getWebElement(ElementOperation.java:134)
	... 27 more
Caused by: org.openqa.selenium.remote.ErrorHandler$UnknownServerException: Unable to locate element: {&quot;method&quot;:&quot;xpath&quot;,&quot;selector&quot;:&quot;//a[contains(.,&apos;Your Personal Information&apos;)]&quot;}
Build info: version: &apos;2.40.0&apos;, revision: &apos;fbe29a9&apos;, time: &apos;2014-02-19 20:55:11&apos;
System info: host: &apos;Qualitest-PC&apos;, ip: &apos;10.50.2.152&apos;, os.name: &apos;Windows 7&apos;, os.arch: &apos;amd64&apos;, os.version: &apos;6.1&apos;, java.version: &apos;1.7.0_67&apos;
Driver info: driver.version: unknown
	at &lt;anonymous class&gt;.FirefoxDriver.prototype.findElementInternal_(file:///C:/Users/QUALIT~1/AppData/Local/Temp/anonymous2202562074155029067webdriver-profile/extensions/fxdriver@googlecode.com/components/driver_component.js:8904:133)
	at &lt;anonymous class&gt;.fxdriver.Timer.prototype.setTimeout/&lt;.notify(file:///C:/Users/QUALIT~1/AppData/Local/Temp/anonymous2202562074155029067webdriver-profile/extensions/fxdriver@googlecode.com/components/driver_component.js:396:5)
</pre></div></td>
<td>34</td>
<td>com.trendin.tests.TestLouisPhilippePage@7798ce82</td></tr>
</table><p>
<table width='100%' border='1' class='invocation-passed'>
<tr><td colspan='4' align='center'><b>PASSED TESTS</b></td></tr>
<tr><td><b>Test method</b></td>
<td width="30%"><b>Exception</b></td>
<td width="10%"><b>Time (seconds)</b></td>
<td><b>Instance</b></td>
</tr>
<tr>
<td title='com.trendin.tests.TestLouisPhilippePage.testClickOnCartButton()'><b>testClickOnCartButton</b><br>Test class: com.trendin.tests.TestLouisPhilippePage</td>
<td></td>
<td>151</td>
<td>com.trendin.tests.TestLouisPhilippePage@7798ce82</td></tr>
<tr>
<td title='com.trendin.tests.TestLouisPhilippePage.testClickOnShopByBrandOptionAndVerify()'><b>testClickOnShopByBrandOptionAndVerify</b><br>Test class: com.trendin.tests.TestLouisPhilippePage</td>
<td></td>
<td>25</td>
<td>com.trendin.tests.TestLouisPhilippePage@7798ce82</td></tr>
<tr>
<td title='com.trendin.tests.TestLouisPhilippePage.testClickOnTrendInLogo()'><b>testClickOnTrendInLogo</b><br>Test class: com.trendin.tests.TestLouisPhilippePage</td>
<td></td>
<td>4</td>
<td>com.trendin.tests.TestLouisPhilippePage@7798ce82</td></tr>
<tr>
<td title='com.trendin.tests.TestLouisPhilippePage.testExistingUserLoginAndVerify()'><b>testExistingUserLoginAndVerify</b><br>Test class: com.trendin.tests.TestLouisPhilippePage</td>
<td></td>
<td>17</td>
<td>com.trendin.tests.TestLouisPhilippePage@7798ce82</td></tr>
<tr>
<td title='com.trendin.tests.TestLouisPhilippePage.testVerifyBrandLouisPhilippe()'><b>testVerifyBrandLouisPhilippe</b><br>Test class: com.trendin.tests.TestLouisPhilippePage</td>
<td></td>
<td>7</td>
<td>com.trendin.tests.TestLouisPhilippePage@7798ce82</td></tr>
<tr>
<td title='com.trendin.tests.TestLouisPhilippePage.testVerifyDefaultSearchLabel()'><b>testVerifyDefaultSearchLabel</b><br>Test class: com.trendin.tests.TestLouisPhilippePage</td>
<td></td>
<td>27</td>
<td>com.trendin.tests.TestLouisPhilippePage@7798ce82</td></tr>
<tr>
<td title='com.trendin.tests.TestLouisPhilippePage.testVerifyErrorMessageForEmptySearchButton()'><b>testVerifyErrorMessageForEmptySearchButton</b><br>Test class: com.trendin.tests.TestLouisPhilippePage</td>
<td></td>
<td>17</td>
<td>com.trendin.tests.TestLouisPhilippePage@7798ce82</td></tr>
<tr>
<td title='com.trendin.tests.TestLouisPhilippePage.testVerifyErrorMessageForInvalidKeyword()'><b>testVerifyErrorMessageForInvalidKeyword</b><br>Test class: com.trendin.tests.TestLouisPhilippePage</td>
<td></td>
<td>61</td>
<td>com.trendin.tests.TestLouisPhilippePage@7798ce82</td></tr>
<tr>
<td title='com.trendin.tests.TestLouisPhilippePage.testVerifyForAllBrandLink()'><b>testVerifyForAllBrandLink</b><br>Test class: com.trendin.tests.TestLouisPhilippePage</td>
<td></td>
<td>13</td>
<td>com.trendin.tests.TestLouisPhilippePage@7798ce82</td></tr>
<tr>
<td title='com.trendin.tests.TestLouisPhilippePage.testVerifyForCloseShopByBrands()'><b>testVerifyForCloseShopByBrands</b><br>Test class: com.trendin.tests.TestLouisPhilippePage</td>
<td></td>
<td>1</td>
<td>com.trendin.tests.TestLouisPhilippePage@7798ce82</td></tr>
<tr>
<td title='com.trendin.tests.TestLouisPhilippePage.testVerifyGuestUser()'><b>testVerifyGuestUser</b><br>Test class: com.trendin.tests.TestLouisPhilippePage</td>
<td></td>
<td>24</td>
<td>com.trendin.tests.TestLouisPhilippePage@7798ce82</td></tr>
<tr>
<td title='com.trendin.tests.TestLouisPhilippePage.testVerifyLogoPage()'><b>testVerifyLogoPage</b><br>Test class: com.trendin.tests.TestLouisPhilippePage</td>
<td></td>
<td>88</td>
<td>com.trendin.tests.TestLouisPhilippePage@7798ce82</td></tr>
<tr>
<td title='com.trendin.tests.TestLouisPhilippePage.testVerifyMegaMenuLabelInLouisPhilippePages()'><b>testVerifyMegaMenuLabelInLouisPhilippePages</b><br>Test class: com.trendin.tests.TestLouisPhilippePage</td>
<td></td>
<td>77</td>
<td>com.trendin.tests.TestLouisPhilippePage@7798ce82</td></tr>
<tr>
<td title='com.trendin.tests.TestLouisPhilippePage.testVerifySearchButtonFunctionality()'><b>testVerifySearchButtonFunctionality</b><br>Test class: com.trendin.tests.TestLouisPhilippePage</td>
<td></td>
<td>98</td>
<td>com.trendin.tests.TestLouisPhilippePage@7798ce82</td></tr>
<tr>
<td title='com.trendin.tests.TestLouisPhilippePage.testVerifySubCategoryNavigationPage()'><b>testVerifySubCategoryNavigationPage</b><br>Test class: com.trendin.tests.TestLouisPhilippePage</td>
<td></td>
<td>35</td>
<td>com.trendin.tests.TestLouisPhilippePage@7798ce82</td></tr>
<tr>
<td title='com.trendin.tests.TestLouisPhilippePage.testVerifyTinyContactUsPage()'><b>testVerifyTinyContactUsPage</b><br>Test class: com.trendin.tests.TestLouisPhilippePage</td>
<td></td>
<td>62</td>
<td>com.trendin.tests.TestLouisPhilippePage@7798ce82</td></tr>
<tr>
<td title='com.trendin.tests.TestLouisPhilippePage.testVerifyTinyStorePage()'><b>testVerifyTinyStorePage</b><br>Test class: com.trendin.tests.TestLouisPhilippePage</td>
<td></td>
<td>46</td>
<td>com.trendin.tests.TestLouisPhilippePage@7798ce82</td></tr>
<tr>
<td title='com.trendin.tests.TestLouisPhilippePage.testVerifyTinyTrackOrderPage()'><b>testVerifyTinyTrackOrderPage</b><br>Test class: com.trendin.tests.TestLouisPhilippePage</td>
<td></td>
<td>42</td>
<td>com.trendin.tests.TestLouisPhilippePage@7798ce82</td></tr>
<tr>
<td title='com.trendin.tests.TestLouisPhilippePage.testVerifyUserDropDown()'><b>testVerifyUserDropDown</b><br>Test class: com.trendin.tests.TestLouisPhilippePage</td>
<td></td>
<td>29</td>
<td>com.trendin.tests.TestLouisPhilippePage@7798ce82</td></tr>
</table><p>
</body>
</html>