<?xml version="1.0" encoding="UTF-8"?>
<!-- Generated by org.testng.reporters.JUnitXMLReporter -->
<testsuite hostname="Qualitest-PC" name="LouisPhilippePage" tests="21" failures="2" timestamp="4 Sep 2015 12:58:35 GMT" time="1585.588" errors="0">
  <testcase name="testClickOnCartButton" time="151.154" classname="com.trendin.tests.TestLouisPhilippePage"/>
  <testcase name="testClickOnShopByBrandOptionAndVerify" time="25.016" classname="com.trendin.tests.TestLouisPhilippePage"/>
  <testcase name="testClickOnTrendInLogo" time="4.962" classname="com.trendin.tests.TestLouisPhilippePage"/>
  <testcase name="testExistingUserLoginAndVerify" time="17.513" classname="com.trendin.tests.TestLouisPhilippePage"/>
  <testcase name="testVerifyBrandLouisPhilippe" time="7.395" classname="com.trendin.tests.TestLouisPhilippePage"/>
  <testcase name="testVerifyDefaultSearchLabel" time="27.568" classname="com.trendin.tests.TestLouisPhilippePage"/>
  <testcase name="testVerifyErrorMessageForEmptySearchButton" time="17.133" classname="com.trendin.tests.TestLouisPhilippePage"/>
  <testcase name="testVerifyErrorMessageForInvalidKeyword" time="61.882" classname="com.trendin.tests.TestLouisPhilippePage"/>
  <testcase name="testVerifyForAllBrandLink" time="13.249" classname="com.trendin.tests.TestLouisPhilippePage"/>
  <testcase name="testVerifyForCloseShopByBrands" time="1.151" classname="com.trendin.tests.TestLouisPhilippePage"/>
  <testcase name="testVerifyGuestUser" time="24.29" classname="com.trendin.tests.TestLouisPhilippePage"/>
  <testcase name="testVerifyLogoPage" time="88.981" classname="com.trendin.tests.TestLouisPhilippePage"/>
  <testcase name="testVerifyMegaMenuLabelInLouisPhilippePages" time="77.523" classname="com.trendin.tests.TestLouisPhilippePage"/>
  <testcase name="testVerifySearchButtonFunctionality" time="98.764" classname="com.trendin.tests.TestLouisPhilippePage"/>
  <testcase name="testVerifySubCategoryNavigationPage" time="35.909" classname="com.trendin.tests.TestLouisPhilippePage"/>
  <testcase name="testVerifyTinyContactUsPage" time="62.255" classname="com.trendin.tests.TestLouisPhilippePage"/>
  <testcase name="testVerifyTinyStorePage" time="46.49" classname="com.trendin.tests.TestLouisPhilippePage"/>
  <testcase name="testVerifyTinyTrackOrderPage" time="42.602" classname="com.trendin.tests.TestLouisPhilippePage"/>
  <testcase name="testVerifyTinyUserNamePage" time="29.082" classname="com.trendin.tests.TestLouisPhilippePage">
    <failure type="com.trendin.core.util.exceptions.POMMethodExecException" message="Could find the webElement">
      <![CDATA[com.trendin.core.util.exceptions.POMMethodExecException: Could find the webElement
	at com.trendin.core.ElementOperation.verifyElementIsDisplayed(ElementOperation.java:121)
	at com.trendin.pages.LouisPhilippePage.verifyTinyUserNamePage(LouisPhilippePage.java:473)
	at com.trendin.tests.TestLouisPhilippePage.testVerifyTinyUserNamePage(TestLouisPhilippePage.java:123)
Caused by: com.trendin.core.util.exceptions.POMMethodExecException: Could not find the matching element
	at com.trendin.core.ElementOperation.getWebElement(ElementOperation.java:145)
	at com.trendin.core.ElementOperation.verifyElementIsDisplayed(ElementOperation.java:117)
	... 26 more
Caused by: org.openqa.selenium.NoSuchElementException: Unable to locate element: {"method":"xpath","selector":"//h3[contains(.,'ORDER HISTORY')]"}
Command duration or timeout: 5.30 seconds
For documentation on this error, please visit: http://seleniumhq.org/exceptions/no_such_element.html
Build info: version: '2.40.0', revision: 'fbe29a9', time: '2014-02-19 20:55:11'
System info: host: 'Qualitest-PC', ip: '10.50.2.152', os.name: 'Windows 7', os.arch: 'amd64', os.version: '6.1', java.version: '1.7.0_67'
Session ID: 14828c41-66c2-4d06-8dba-66b60bbee62a
Driver info: org.openqa.selenium.firefox.FirefoxDriver
Capabilities [{platform=XP, databaseEnabled=true, cssSelectorsEnabled=true, javascriptEnabled=true, acceptSslCerts=true, handlesAlerts=true, browserName=firefox, webStorageEnabled=true, nativeEvents=false, rotatable=false, locationContextEnabled=true, applicationCacheEnabled=true, takesScreenshot=true, version=31.0}]
	at org.openqa.selenium.remote.ErrorHandler.createThrowable(ErrorHandler.java:193)
	at org.openqa.selenium.remote.ErrorHandler.throwIfResponseFailed(ErrorHandler.java:145)
	at org.openqa.selenium.remote.RemoteWebDriver.execute(RemoteWebDriver.java:573)
	at org.openqa.selenium.remote.RemoteWebDriver.findElement(RemoteWebDriver.java:326)
	at org.openqa.selenium.remote.RemoteWebDriver.findElementByXPath(RemoteWebDriver.java:423)
	at org.openqa.selenium.By$ByXPath.findElement(By.java:357)
	at org.openqa.selenium.remote.RemoteWebDriver.findElement(RemoteWebDriver.java:318)
	at com.trendin.core.ElementOperation.getWebElement(ElementOperation.java:134)
	... 27 more
Caused by: org.openqa.selenium.remote.ErrorHandler$UnknownServerException: Unable to locate element: {"method":"xpath","selector":"//h3[contains(.,'ORDER HISTORY')]"}
Build info: version: '2.40.0', revision: 'fbe29a9', time: '2014-02-19 20:55:11'
System info: host: 'Qualitest-PC', ip: '10.50.2.152', os.name: 'Windows 7', os.arch: 'amd64', os.version: '6.1', java.version: '1.7.0_67'
Driver info: driver.version: unknown
	at <anonymous class>.FirefoxDriver.prototype.findElementInternal_(file:///C:/Users/QUALIT~1/AppData/Local/Temp/anonymous7542529390009729454webdriver-profile/extensions/fxdriver@googlecode.com/components/driver_component.js:8904:133)
	at <anonymous class>.fxdriver.Timer.prototype.setTimeout/<.notify(file:///C:/Users/QUALIT~1/AppData/Local/Temp/anonymous7542529390009729454webdriver-profile/extensions/fxdriver@googlecode.com/components/driver_component.js:396:5)
... Removed 28 stack frames]]>
    </failure>
  </testcase> <!-- testVerifyTinyUserNamePage -->
  <testcase name="testVerifyUserDropDown" time="29.867" classname="com.trendin.tests.TestLouisPhilippePage"/>
  <testcase name="testVerifyUserDropDownNavigationPage" time="34.745" classname="com.trendin.tests.TestLouisPhilippePage">
    <failure type="com.trendin.core.util.exceptions.POMMethodExecException" message="Could find the webElement">
      <![CDATA[com.trendin.core.util.exceptions.POMMethodExecException: Could find the webElement
	at com.trendin.core.ElementOperation.verifyElementIsDisplayed(ElementOperation.java:121)
	at com.trendin.pages.LoginPage.verifyMyAccount(LoginPage.java:650)
	at com.trendin.tests.TestLouisPhilippePage.testVerifyUserDropDownNavigationPage(TestLouisPhilippePage.java:105)
Caused by: com.trendin.core.util.exceptions.POMMethodExecException: Could not find the matching element
	at com.trendin.core.ElementOperation.getWebElement(ElementOperation.java:145)
	at com.trendin.core.ElementOperation.verifyElementIsDisplayed(ElementOperation.java:117)
	... 26 more
Caused by: org.openqa.selenium.NoSuchElementException: Unable to locate element: {"method":"xpath","selector":"//a[contains(.,'Your Personal Information')]"}
Command duration or timeout: 5.12 seconds
For documentation on this error, please visit: http://seleniumhq.org/exceptions/no_such_element.html
Build info: version: '2.40.0', revision: 'fbe29a9', time: '2014-02-19 20:55:11'
System info: host: 'Qualitest-PC', ip: '10.50.2.152', os.name: 'Windows 7', os.arch: 'amd64', os.version: '6.1', java.version: '1.7.0_67'
Session ID: 5f978627-b3eb-4d5c-9103-3f3cbfad97fa
Driver info: org.openqa.selenium.firefox.FirefoxDriver
Capabilities [{platform=XP, databaseEnabled=true, cssSelectorsEnabled=true, javascriptEnabled=true, acceptSslCerts=true, handlesAlerts=true, browserName=firefox, webStorageEnabled=true, nativeEvents=false, rotatable=false, locationContextEnabled=true, applicationCacheEnabled=true, takesScreenshot=true, version=31.0}]
	at org.openqa.selenium.remote.ErrorHandler.createThrowable(ErrorHandler.java:193)
	at org.openqa.selenium.remote.ErrorHandler.throwIfResponseFailed(ErrorHandler.java:145)
	at org.openqa.selenium.remote.RemoteWebDriver.execute(RemoteWebDriver.java:573)
	at org.openqa.selenium.remote.RemoteWebDriver.findElement(RemoteWebDriver.java:326)
	at org.openqa.selenium.remote.RemoteWebDriver.findElementByXPath(RemoteWebDriver.java:423)
	at org.openqa.selenium.By$ByXPath.findElement(By.java:357)
	at org.openqa.selenium.remote.RemoteWebDriver.findElement(RemoteWebDriver.java:318)
	at com.trendin.core.ElementOperation.getWebElement(ElementOperation.java:134)
	... 27 more
Caused by: org.openqa.selenium.remote.ErrorHandler$UnknownServerException: Unable to locate element: {"method":"xpath","selector":"//a[contains(.,'Your Personal Information')]"}
Build info: version: '2.40.0', revision: 'fbe29a9', time: '2014-02-19 20:55:11'
System info: host: 'Qualitest-PC', ip: '10.50.2.152', os.name: 'Windows 7', os.arch: 'amd64', os.version: '6.1', java.version: '1.7.0_67'
Driver info: driver.version: unknown
	at <anonymous class>.FirefoxDriver.prototype.findElementInternal_(file:///C:/Users/QUALIT~1/AppData/Local/Temp/anonymous2202562074155029067webdriver-profile/extensions/fxdriver@googlecode.com/components/driver_component.js:8904:133)
	at <anonymous class>.fxdriver.Timer.prototype.setTimeout/<.notify(file:///C:/Users/QUALIT~1/AppData/Local/Temp/anonymous2202562074155029067webdriver-profile/extensions/fxdriver@googlecode.com/components/driver_component.js:396:5)
... Removed 28 stack frames]]>
    </failure>
  </testcase> <!-- testVerifyUserDropDownNavigationPage -->
</testsuite> <!-- LouisPhilippePage -->
