<html>
<head>
<title>TestNG:  NormalUser</title>
<link href="../testng.css" rel="stylesheet" type="text/css" />
<link href="../my-testng.css" rel="stylesheet" type="text/css" />

<style type="text/css">
.log { display: none;} 
.stack-trace { display: none;} 
</style>
<script type="text/javascript">
<!--
function flip(e) {
  current = e.style.display;
  if (current == 'block') {
    e.style.display = 'none';
    return 0;
  }
  else {
    e.style.display = 'block';
    return 1;
  }
}

function toggleBox(szDivId, elem, msg1, msg2)
{
  var res = -1;  if (document.getElementById) {
    res = flip(document.getElementById(szDivId));
  }
  else if (document.all) {
    // this is the way old msie versions work
    res = flip(document.all[szDivId]);
  }
  if(elem) {
    if(res == 0) elem.innerHTML = msg1; else elem.innerHTML = msg2;
  }

}

function toggleAllBoxes() {
  if (document.getElementsByTagName) {
    d = document.getElementsByTagName('div');
    for (i = 0; i < d.length; i++) {
      if (d[i].className == 'log') {
        flip(d[i]);
      }
    }
  }
}

// -->
</script>

</head>
<body>
<h2 align='center'>NormalUser</h2><table border='1' align="center">
<tr>
<td>Tests passed/Failed/Skipped:</td><td>18/1/0</td>
</tr><tr>
<td>Started on:</td><td>Thu Aug 27 17:39:27 IST 2015</td>
</tr>
<tr><td>Total time:</td><td>1058 seconds (1058719 ms)</td>
</tr><tr>
<td>Included groups:</td><td>Module1 </td>
</tr><tr>
<td>Excluded groups:</td><td></td>
</tr>
</table><p/>
<small><i>(Hover the method name to see the test class name)</i></small><p/>
<table width='100%' border='1' class='invocation-failed'>
<tr><td colspan='4' align='center'><b>FAILED TESTS</b></td></tr>
<tr><td><b>Test method</b></td>
<td width="30%"><b>Exception</b></td>
<td width="10%"><b>Time (seconds)</b></td>
<td><b>Instance</b></td>
</tr>
<tr>
<td title='com.trendin.tests.TestLoginPage.testExistingUserTextFields()'><b>testExistingUserTextFields</b><br>Test class: com.trendin.tests.TestLoginPage</td>
<td><div><pre>java.lang.Exception: Unable to verify te error message
	at com.trendin.pages.LoginPage.existingUserEmailAndPasswordTextfield(LoginPage.java:3706)
	at com.trendin.tests.TestLoginPage.testExistingUserTextFields(TestLoginPage.java:59)
Caused by: com.trendin.core.util.exceptions.POMMethodExecException: Unable to verify te error message
	at com.trendin.pages.LoginPage.existingUserEmailAndPasswordTextfield(LoginPage.java:3702)
	... 25 more
... Removed 24 stack frames</pre></div><a href='#' onClick='toggleBox("stack-trace1781436873", this, "Click to show all stack frames", "Click to hide stack frames")'>Click to show all stack frames</a>
<div class='stack-trace' id='stack-trace1781436873'><pre>java.lang.Exception: Unable to verify te error message
	at com.trendin.pages.LoginPage.existingUserEmailAndPasswordTextfield(LoginPage.java:3706)
	at com.trendin.tests.TestLoginPage.testExistingUserTextFields(TestLoginPage.java:59)
	at sun.reflect.NativeMethodAccessorImpl.invoke0(Native Method)
	at sun.reflect.NativeMethodAccessorImpl.invoke(Unknown Source)
	at sun.reflect.DelegatingMethodAccessorImpl.invoke(Unknown Source)
	at java.lang.reflect.Method.invoke(Unknown Source)
	at org.testng.internal.MethodInvocationHelper.invokeMethod(MethodInvocationHelper.java:85)
	at org.testng.internal.Invoker.invokeMethod(Invoker.java:696)
	at org.testng.internal.Invoker.invokeTestMethod(Invoker.java:882)
	at org.testng.internal.Invoker.invokeTestMethods(Invoker.java:1189)
	at org.testng.internal.TestMethodWorker.invokeTestMethods(TestMethodWorker.java:124)
	at org.testng.internal.TestMethodWorker.run(TestMethodWorker.java:108)
	at org.testng.TestRunner.privateRun(TestRunner.java:767)
	at org.testng.TestRunner.run(TestRunner.java:617)
	at org.testng.SuiteRunner.runTest(SuiteRunner.java:348)
	at org.testng.SuiteRunner.runSequentially(SuiteRunner.java:343)
	at org.testng.SuiteRunner.privateRun(SuiteRunner.java:305)
	at org.testng.SuiteRunner.run(SuiteRunner.java:254)
	at org.testng.SuiteRunnerWorker.runSuite(SuiteRunnerWorker.java:52)
	at org.testng.SuiteRunnerWorker.run(SuiteRunnerWorker.java:86)
	at org.testng.TestNG.runSuitesSequentially(TestNG.java:1224)
	at org.testng.TestNG.runSuitesLocally(TestNG.java:1149)
	at org.testng.TestNG.run(TestNG.java:1057)
	at org.testng.remote.RemoteTestNG.run(RemoteTestNG.java:111)
	at org.testng.remote.RemoteTestNG.initAndRun(RemoteTestNG.java:204)
	at org.testng.remote.RemoteTestNG.main(RemoteTestNG.java:175)
Caused by: com.trendin.core.util.exceptions.POMMethodExecException: Unable to verify te error message
	at com.trendin.pages.LoginPage.existingUserEmailAndPasswordTextfield(LoginPage.java:3702)
	... 25 more
</pre></div></td>
<td>12</td>
<td>com.trendin.tests.TestLoginPage@2c6edffb</td></tr>
</table><p>
<table width='100%' border='1' class='invocation-passed'>
<tr><td colspan='4' align='center'><b>PASSED TESTS</b></td></tr>
<tr><td><b>Test method</b></td>
<td width="30%"><b>Exception</b></td>
<td width="10%"><b>Time (seconds)</b></td>
<td><b>Instance</b></td>
</tr>
<tr>
<td title='com.trendin.tests.TestLoginPage.testClickNewTrendIn()'><b>testClickNewTrendIn</b><br>Test class: com.trendin.tests.TestLoginPage</td>
<td></td>
<td>2</td>
<td>com.trendin.tests.TestLoginPage@2c6edffb</td></tr>
<tr>
<td title='com.trendin.tests.TestLoginPage.testCloseButton()'><b>testCloseButton</b><br>Test class: com.trendin.tests.TestLoginPage</td>
<td></td>
<td>2</td>
<td>com.trendin.tests.TestLoginPage@2c6edffb</td></tr>
<tr>
<td title='com.trendin.tests.TestLoginPage.testCloseButtonForgotPassword()'><b>testCloseButtonForgotPassword</b><br>Test class: com.trendin.tests.TestLoginPage</td>
<td></td>
<td>2</td>
<td>com.trendin.tests.TestLoginPage@2c6edffb</td></tr>
<tr>
<td title='com.trendin.tests.TestLoginPage.testDropDownUserName()'><b>testDropDownUserName</b><br>Test class: com.trendin.tests.TestLoginPage</td>
<td></td>
<td>8</td>
<td>com.trendin.tests.TestLoginPage@2c6edffb</td></tr>
<tr>
<td title='com.trendin.tests.TestLoginPage.testForgotPasswordClick()'><b>testForgotPasswordClick</b><br>Test class: com.trendin.tests.TestLoginPage</td>
<td></td>
<td>5</td>
<td>com.trendin.tests.TestLoginPage@2c6edffb</td></tr>
<tr>
<td title='com.trendin.tests.TestLoginPage.testMyAccountClick()'><b>testMyAccountClick</b><br>Test class: com.trendin.tests.TestLoginPage</td>
<td></td>
<td>26</td>
<td>com.trendin.tests.TestLoginPage@2c6edffb</td></tr>
<tr>
<td title='com.trendin.tests.TestLoginPage.testMyOrder()'><b>testMyOrder</b><br>Test class: com.trendin.tests.TestLoginPage</td>
<td></td>
<td>19</td>
<td>com.trendin.tests.TestLoginPage@2c6edffb</td></tr>
<tr>
<td title='com.trendin.tests.TestLoginPage.testRefreshButton()'><b>testRefreshButton</b><br>Test class: com.trendin.tests.TestLoginPage</td>
<td></td>
<td>2</td>
<td>com.trendin.tests.TestLoginPage@2c6edffb</td></tr>
<tr>
<td title='com.trendin.tests.TestLoginPage.testReturn()'><b>testReturn</b><br>Test class: com.trendin.tests.TestLoginPage</td>
<td></td>
<td>20</td>
<td>com.trendin.tests.TestLoginPage@2c6edffb</td></tr>
<tr>
<td title='com.trendin.tests.TestLoginPage.testUserName()'><b>testUserName</b><br>Test class: com.trendin.tests.TestLoginPage</td>
<td></td>
<td>17</td>
<td>com.trendin.tests.TestLoginPage@2c6edffb</td></tr>
<tr>
<td title='com.trendin.tests.TestLoginPage.testVerifyExistingPage()'><b>testVerifyExistingPage</b><br>Test class: com.trendin.tests.TestLoginPage</td>
<td></td>
<td>2</td>
<td>com.trendin.tests.TestLoginPage@2c6edffb</td></tr>
<tr>
<td title='com.trendin.tests.TestLoginPage.testVerifyForgotPasswordFunctio()'><b>testVerifyForgotPasswordFunctio</b><br>Test class: com.trendin.tests.TestLoginPage</td>
<td></td>
<td>186</td>
<td>com.trendin.tests.TestLoginPage@2c6edffb</td></tr>
<tr>
<td title='com.trendin.tests.TestLoginPage.testVerifyLoginPageIconIsDisplayed()'><b>testVerifyLoginPageIconIsDisplayed</b><br>Test class: com.trendin.tests.TestLoginPage</td>
<td></td>
<td>0</td>
<td>com.trendin.tests.TestLoginPage@2c6edffb</td></tr>
<tr>
<td title='com.trendin.tests.TestLoginPage.testVerifyLoginPageIsDisplayed()'><b>testVerifyLoginPageIsDisplayed</b><br>Test class: com.trendin.tests.TestLoginPage</td>
<td></td>
<td>0</td>
<td>com.trendin.tests.TestLoginPage@2c6edffb</td></tr>
<tr>
<td title='com.trendin.tests.TestLoginPage.testVerifyLogoutFunctionality()'><b>testVerifyLogoutFunctionality</b><br>Test class: com.trendin.tests.TestLoginPage</td>
<td></td>
<td>9</td>
<td>com.trendin.tests.TestLoginPage@2c6edffb</td></tr>
<tr>
<td title='com.trendin.tests.TestLoginPage.testVerifyRegisterPage()'><b>testVerifyRegisterPage</b><br>Test class: com.trendin.tests.TestLoginPage</td>
<td></td>
<td>2</td>
<td>com.trendin.tests.TestLoginPage@2c6edffb</td></tr>
<tr>
<td title='com.trendin.tests.TestLoginPage.testVerifySignUpGoogle()'><b>testVerifySignUpGoogle</b><br>Test class: com.trendin.tests.TestLoginPage</td>
<td></td>
<td>7</td>
<td>com.trendin.tests.TestLoginPage@2c6edffb</td></tr>
<tr>
<td title='com.trendin.tests.TestLoginPage.testverifySignUpFacebook()'><b>testverifySignUpFacebook</b><br>Test class: com.trendin.tests.TestLoginPage</td>
<td></td>
<td>11</td>
<td>com.trendin.tests.TestLoginPage@2c6edffb</td></tr>
</table><p>
</body>
</html>