2015-09-28 11:56:09,243  INFO - Starting suite Default suite
2015-09-28 11:56:09,257  INFO - Starting test Default test
2015-09-28 11:56:09,272  INFO - Starting test method: testVerifyForBuyNowFuctionality
2015-09-28 11:57:54,376  INFO - Ending test method testVerifyForBuyNowFuctionality
2015-09-28 11:57:54,378 ERROR - <b> Exception: </b>com.trendin.core.util.exceptions.POMMethodExecException: Could not Click the element: topButtonXpath, for the locator: Xpath. <b> Cause: </b>org.openqa.selenium.WebDriverException: unknown error: Element is not clickable at point (1152, 638). Other element would receive the click: <div class="input-group pincode_section_inner">...</div>
  (Session info: chrome=45.0.2454.99)
  (Driver info: chromedriver=2.19.346078 (6f1f0cde889532d48ce8242342d0b84f94b114a1),platform=Windows NT 6.1 SP1 x86_64) (WARNING: The server did not provide any stacktrace information)
Command duration or timeout: 74 milliseconds
Build info: version: '2.40.0', revision: 'fbe29a9', time: '2014-02-19 20:55:11'
System info: host: 'QualiTest-PC', ip: '192.168.220.1', os.name: 'Windows 7', os.arch: 'amd64', os.version: '6.1', java.version: '1.8.0_51'
Driver info: org.openqa.selenium.chrome.ChromeDriver
Capabilities [{applicationCacheEnabled=false, rotatable=false, mobileEmulationEnabled=false, chrome={userDataDir=C:\Users\QUALIT~1\AppData\Local\Temp\scoped_dir5292_30854}, takesHeapSnapshot=true, databaseEnabled=false, handlesAlerts=true, hasTouchScreen=false, version=45.0.2454.99, platform=XP, browserConnectionEnabled=false, nativeEvents=true, acceptSslCerts=true, locationContextEnabled=true, webStorageEnabled=true, browserName=chrome, takesScreenshot=true, javascriptEnabled=true, cssSelectorsEnabled=true}]
Session ID: de725683ec1e4d4fd6bcee6090f3207b
2015-09-28 11:57:56,026  INFO - Ending test Default test
2015-09-28 11:57:56,085  INFO - Ending suite Default suite
