2015-09-11 10:52:12,190  INFO - Starting suite Default suite
2015-09-11 10:52:12,208  INFO - Starting test Default test
2015-09-11 10:52:12,225  INFO - Starting test method: testVerifyLoginToFacebookAtVerifyPersonalInformation
2015-09-11 10:53:07,029  INFO - Ending test method testVerifyLoginToFacebookAtVerifyPersonalInformation
2015-09-11 10:53:07,031 ERROR - <b> Exception: </b>com.trendin.core.util.exceptions.POMMethodExecException: Not matching the color Hexa deciamal value.. <b> Cause: </b>org.openqa.selenium.NoSuchElementException: Unable to locate element: {"method":"xpath","selector":"//div[@class='new_user_block']//a[@class='fb_btn']"}
Command duration or timeout: 3.09 seconds
For documentation on this error, please visit: http://seleniumhq.org/exceptions/no_such_element.html
Build info: version: '2.40.0', revision: 'fbe29a9', time: '2014-02-19 20:55:11'
System info: host: 'QualiTest-PC', ip: '192.168.220.1', os.name: 'Windows 7', os.arch: 'amd64', os.version: '6.1', java.version: '1.8.0_51'
Driver info: org.openqa.selenium.firefox.FirefoxDriver
Capabilities [{applicationCacheEnabled=true, rotatable=false, handlesAlerts=true, databaseEnabled=true, version=31.0, platform=XP, nativeEvents=false, acceptSslCerts=true, webStorageEnabled=true, locationContextEnabled=true, browserName=firefox, takesScreenshot=true, javascriptEnabled=true, cssSelectorsEnabled=true}]
Session ID: 99b0c2a7-db76-4b99-b583-8cf95191138c
2015-09-11 10:53:07,548  INFO - Ending test Default test
2015-09-11 10:53:07,574  INFO - Ending suite Default suite
