2015-08-24 15:00:45,449  INFO - Starting suite Default suite
2015-08-24 15:00:45,461  INFO - Starting test Default test
2015-08-24 15:01:15,604  INFO - Starting test method: testExistingUserTextFields
2015-08-24 15:01:15,904  INFO - Ending test method testExistingUserTextFields
2015-08-24 15:01:15,906 ERROR - <b> Exception: </b>com.trendin.core.util.exceptions.POMMethodExecException: Unable to click on already registered link. <b> Cause: </b>org.openqa.selenium.interactions.MoveTargetOutOfBoundsException: Offset within element cannot be scrolled into view: (0, 0): javascript:void(0);
Command duration or timeout: 16 milliseconds
Build info: version: '2.40.0', revision: 'fbe29a9', time: '2014-02-19 20:55:11'
System info: host: 'QualiTest-Hemanth', ip: '10.50.4.185', os.name: 'Windows 7', os.arch: 'amd64', os.version: '6.1', java.version: '1.7.0_67'
Session ID: 629cf64b-10d5-4322-bcf5-00b8256cce04
Driver info: org.openqa.selenium.firefox.FirefoxDriver
Capabilities [{platform=XP, acceptSslCerts=true, javascriptEnabled=true, cssSelectorsEnabled=true, databaseEnabled=true, browserName=firefox, handlesAlerts=true, browserConnectionEnabled=true, webStorageEnabled=true, nativeEvents=false, rotatable=false, locationContextEnabled=true, applicationCacheEnabled=true, takesScreenshot=true, version=28.0}]
2015-08-24 15:01:16,749  INFO - Ending test Default test
2015-08-24 15:01:17,008  INFO - Ending suite Default suite
