2015-09-24 14:51:47,836  INFO - Starting suite TrendInTestSuite
2015-09-24 14:51:47,851  INFO - Starting test EndToEnd
2015-09-24 14:51:47,867  INFO - Starting test method: testScenario3
2015-09-24 14:53:51,545  INFO - Ending test method testScenario3
2015-09-24 14:53:51,864  INFO - Starting test method: testVerifyCancelOrderPage
2015-09-24 14:56:15,490  INFO - Ending test method testVerifyCancelOrderPage
2015-09-24 14:56:15,855  INFO - Starting test method: testVerifyCouponsAndVouchersFaceBookNavigation
2015-09-24 14:57:37,965  INFO - Ending test method testVerifyCouponsAndVouchersFaceBookNavigation
2015-09-24 14:57:38,296  INFO - Starting test method: testVerifyCouponsAndVouchersGoogleNavigation
2015-09-24 14:58:54,238  INFO - Ending test method testVerifyCouponsAndVouchersGoogleNavigation
2015-09-24 14:58:54,607  INFO - Starting test method: testVerifyLoginOrRegisterFacebookNavigation
2015-09-24 14:59:47,984  INFO - Ending test method testVerifyLoginOrRegisterFacebookNavigation
2015-09-24 14:59:48,246  INFO - Starting test method: testVerifyLoginOrRegisterGoogleNavigation
2015-09-24 15:00:30,581  INFO - Ending test method testVerifyLoginOrRegisterGoogleNavigation
2015-09-24 15:00:30,838  INFO - Starting test method: testVerifyNewlyRegisteredUser
2015-09-24 15:02:35,430  INFO - Ending test method testVerifyNewlyRegisteredUser
2015-09-24 15:02:35,818  INFO - Starting test method: testVerifyOrderPlacingByLogginginInAddressPage
2015-09-24 15:04:38,223  INFO - Ending test method testVerifyOrderPlacingByLogginginInAddressPage
2015-09-24 15:04:38,224 ERROR - <b> Exception: </b>com.trendin.core.util.exceptions.POMMethodExecException: Unable to click on quick view of a product category.. <b> Cause: </b>org.openqa.selenium.interactions.MoveTargetOutOfBoundsException: Offset within element cannot be scrolled into view: (0, 0): [object XrayWrapper [object HTMLSpanElement]]
Command duration or timeout: 23 milliseconds
Build info: version: '2.40.0', revision: 'fbe29a9', time: '2014-02-19 20:55:11'
System info: host: 'QualiTest-PC', ip: '192.168.220.1', os.name: 'Windows 7', os.arch: 'amd64', os.version: '6.1', java.version: '1.8.0_51'
Driver info: org.openqa.selenium.firefox.FirefoxDriver
Capabilities [{applicationCacheEnabled=true, rotatable=false, handlesAlerts=true, databaseEnabled=true, version=31.0, platform=XP, nativeEvents=false, acceptSslCerts=true, webStorageEnabled=true, locationContextEnabled=true, browserName=firefox, takesScreenshot=true, javascriptEnabled=true, cssSelectorsEnabled=true}]
Session ID: 5ca90261-2969-4a14-ad5f-7b8079fbf95b
2015-09-24 15:04:38,658  INFO - Starting test method: testVerifyOrderPlacingByLogginginInHomePage
2015-09-24 15:06:49,919  INFO - Ending test method testVerifyOrderPlacingByLogginginInHomePage
2015-09-24 15:06:50,282  INFO - Starting test method: testVerifyUserNameInHomePageFromFacebook
2015-09-24 15:09:05,408  INFO - Ending test method testVerifyUserNameInHomePageFromFacebook
2015-09-24 15:09:05,755  INFO - Starting test method: testVerifyUserNameInHomePageFromGoogle
2015-09-24 15:11:15,007  INFO - Ending test method testVerifyUserNameInHomePageFromGoogle
2015-09-24 15:11:15,338  INFO - Ending test EndToEnd
2015-09-24 15:11:15,365  INFO - Ending suite TrendInTestSuite
