2015-09-18 18:28:18,566  INFO - Starting suite TrendInTestSuite
2015-09-18 18:28:18,576  INFO - Starting test ENDToEnd
2015-09-18 18:28:18,589  INFO - Starting test method: testScenario3
2015-09-18 18:29:10,981  INFO - Ending test method testScenario3
2015-09-18 18:29:10,982 ERROR - <b> Exception: </b>org.openqa.selenium.NoSuchElementException: no such element: Unable to locate element: {"method":"xpath","selector":"//div[@id='product_rows']/div[2]//div//a/span[.='QUICK VIEW']"}
  (Session info: chrome=45.0.2454.93)
  (Driver info: chromedriver=2.19.346078 (6f1f0cde889532d48ce8242342d0b84f94b114a1),platform=Windows NT 6.1 SP1 x86_64) (WARNING: The server did not provide any stacktrace information)
Command duration or timeout: 3.08 seconds
For documentation on this error, please visit: http://seleniumhq.org/exceptions/no_such_element.html
Build info: version: '2.40.0', revision: 'fbe29a9', time: '2014-02-19 20:55:11'
System info: host: 'QualiTest-PC', ip: '10.50.4.211', os.name: 'Windows 7', os.arch: 'amd64', os.version: '6.1', java.version: '1.8.0_51'
Driver info: org.openqa.selenium.chrome.ChromeDriver
Capabilities [{applicationCacheEnabled=false, rotatable=false, mobileEmulationEnabled=false, chrome={userDataDir=C:\Users\QUALIT~1\AppData\Local\Temp\scoped_dir7876_20455}, takesHeapSnapshot=true, databaseEnabled=false, handlesAlerts=true, hasTouchScreen=false, version=45.0.2454.93, platform=XP, browserConnectionEnabled=false, nativeEvents=true, acceptSslCerts=true, locationContextEnabled=true, webStorageEnabled=true, browserName=chrome, takesScreenshot=true, javascriptEnabled=true, cssSelectorsEnabled=true}]
Session ID: 4d0aff80faa7aae07801838e31950eb3. <b> Cause: </b>
2015-09-18 18:29:13,159  INFO - Starting test method: testVerifyCancelOrderPage
2015-09-18 18:31:21,214  INFO - Ending test method testVerifyCancelOrderPage
2015-09-18 18:31:23,069  INFO - Starting test method: testVerifyNewlyRegisteredUser
2015-09-18 18:33:39,562  INFO - Ending test method testVerifyNewlyRegisteredUser
2015-09-18 18:33:39,563 ERROR - <b> Exception: </b>com.trendin.core.util.exceptions.POMMethodExecException: Unable to Enter zip code for shipping address page.. <b> Cause: </b>
2015-09-18 18:33:41,559  INFO - Starting test method: testVerifyOrderPlacingByLogginginInAddressPage
2015-09-18 18:35:33,333  INFO - Ending test method testVerifyOrderPlacingByLogginginInAddressPage
2015-09-18 18:35:35,255  INFO - Starting test method: testVerifyOrderPlacingByLogginginInHomePage
2015-09-18 18:37:18,943  INFO - Ending test method testVerifyOrderPlacingByLogginginInHomePage
2015-09-18 18:37:18,944 ERROR - <b> Exception: </b>com.trendin.core.util.exceptions.POMMethodExecException: Could find the webElement. <b> Cause: </b>com.trendin.core.util.exceptions.POMMethodExecException: Could not find the matching element
2015-09-18 18:37:20,262  INFO - Ending test ENDToEnd
2015-09-18 18:37:20,308  INFO - Ending suite TrendInTestSuite
