2015-09-04 17:16:49,346  INFO - Starting suite Default suite
2015-09-04 17:16:49,358  INFO - Starting test Default test
2015-09-04 17:16:49,369  INFO - Starting test method: testVerifySubCategoryNavigationPage
2015-09-04 17:17:40,184  INFO - Ending test method testVerifySubCategoryNavigationPage
2015-09-04 17:17:40,185 ERROR - <b> Exception: </b>com.trendin.core.util.exceptions.POMMethodExecException: Could not Click the element: shirtLabelXpath, for the locator: Xpath. <b> Cause: </b>org.openqa.selenium.ElementNotVisibleException: Element is not currently visible and so may not be interacted with
Command duration or timeout: 3.14 seconds
Build info: version: '2.40.0', revision: 'fbe29a9', time: '2014-02-19 20:55:11'
System info: host: 'Qualitest-PC', ip: '10.50.2.152', os.name: 'Windows 7', os.arch: 'amd64', os.version: '6.1', java.version: '1.7.0_67'
Session ID: a6480be9-e83d-4cfa-abbf-ac352e23e0ab
Driver info: org.openqa.selenium.firefox.FirefoxDriver
Capabilities [{platform=XP, databaseEnabled=true, cssSelectorsEnabled=true, javascriptEnabled=true, acceptSslCerts=true, handlesAlerts=true, browserName=firefox, webStorageEnabled=true, nativeEvents=false, rotatable=false, locationContextEnabled=true, applicationCacheEnabled=true, takesScreenshot=true, version=31.0}]
2015-09-04 17:17:40,549  INFO - Ending test Default test
2015-09-04 17:17:40,574  INFO - Ending suite Default suite
