2015-09-11 12:20:43,760  INFO - Starting suite TrendInTestSuite
2015-09-11 12:20:43,779  INFO - Starting test LoginPage
2015-09-11 12:20:43,800  INFO - Starting test method: testLoginPageIconClick
2015-09-11 12:21:09,233  INFO - Ending test method testLoginPageIconClick
2015-09-11 12:21:09,515  INFO - Starting test method: testSignUpPasswordField
2015-09-11 12:21:36,464  INFO - Ending test method testSignUpPasswordField
2015-09-11 12:21:36,721  INFO - Starting test method: testValidateMailIdField
2015-09-11 12:22:13,758  INFO - Ending test method testValidateMailIdField
2015-09-11 12:22:14,044  INFO - Starting test method: testValidateMailIdTextfield
2015-09-11 12:22:44,894  INFO - Ending test method testValidateMailIdTextfield
2015-09-11 12:22:44,895 ERROR - <b> Exception: </b>com.trendin.core.util.exceptions.POMMethodExecException: Not able to verify the error message for 'already registered mail-id' in the Email address textfield. <b> Cause: </b>com.trendin.core.util.exceptions.POMMethodExecException: Not able to verify the error message for 'already registered mail-id' in the Email address textfield
2015-09-11 12:22:45,538  INFO - Starting test method: testValidatePasswordField
2015-09-11 12:23:13,366  INFO - Ending test method testValidatePasswordField
2015-09-11 12:23:13,635  INFO - Starting test method: testValidateSignInWithFacebookButton
2015-09-11 12:23:48,334  INFO - Ending test method testValidateSignInWithFacebookButton
2015-09-11 12:23:48,335 ERROR - <b> Exception: </b>com.trendin.core.util.exceptions.POMMethodExecException: Couldn't click on the facebook button. <b> Cause: </b>org.openqa.selenium.interactions.MoveTargetOutOfBoundsException: Offset within element cannot be scrolled into view: (0, 0): https://www.trendin.com/auth/login/facebook
Command duration or timeout: 15 milliseconds
Build info: version: '2.40.0', revision: 'fbe29a9', time: '2014-02-19 20:55:11'
System info: host: 'QualiTest-PC', ip: '192.168.220.1', os.name: 'Windows 7', os.arch: 'amd64', os.version: '6.1', java.version: '1.8.0_51'
Driver info: org.openqa.selenium.firefox.FirefoxDriver
Capabilities [{applicationCacheEnabled=true, rotatable=false, handlesAlerts=true, databaseEnabled=true, version=31.0, platform=XP, nativeEvents=false, acceptSslCerts=true, webStorageEnabled=true, locationContextEnabled=true, browserName=firefox, takesScreenshot=true, javascriptEnabled=true, cssSelectorsEnabled=true}]
Session ID: b0036063-22c4-4f1d-8806-395fb658cd07
2015-09-11 12:23:48,751  INFO - Starting test method: testValidateSignInWithGoogleButton
2015-09-11 12:24:10,757  INFO - Ending test method testValidateSignInWithGoogleButton
2015-09-11 12:24:10,766  INFO - Ending test method testValidateSignInWithGoogleButton
2015-09-11 12:24:10,768  INFO - Ending test method testValidateSignInWithGoogleButton
2015-09-11 12:24:10,770  INFO - Ending test method testValidateSignInWithGoogleButton
2015-09-11 12:24:10,772  INFO - Ending test method testValidateSignInWithGoogleButton
2015-09-11 12:24:10,839  INFO - Ending test method testValidateSignInWithGoogleButton
2015-09-11 12:24:10,898  INFO - Ending test method testValidateSignInWithGoogleButton
2015-09-11 12:24:10,901  INFO - Ending test method testValidateSignInWithGoogleButton
2015-09-11 12:24:10,904  INFO - Ending test method testValidateSignInWithGoogleButton
2015-09-11 12:24:10,907  INFO - Ending test method testValidateSignInWithGoogleButton
2015-09-11 12:24:10,910  INFO - Ending test method testValidateSignInWithGoogleButton
2015-09-11 12:24:10,913  INFO - Ending test method testValidateSignInWithGoogleButton
2015-09-11 12:24:10,916  INFO - Ending test LoginPage
2015-09-11 12:24:11,100  INFO - Ending suite TrendInTestSuite
