2015-08-31 18:31:19,084  INFO - Starting suite Default suite
2015-08-31 18:31:19,095  INFO - Starting test Default test
2015-08-31 18:31:19,105  INFO - Starting test method: testValidateNewPasswordField
2015-08-31 18:31:46,858  INFO - Ending test method testValidateNewPasswordField
2015-08-31 18:31:46,859 ERROR - <b> Exception: </b>org.openqa.selenium.NoSuchElementException: Unable to locate element: {"method":"css selector","selector":".tr.tr-caret-down"}
Command duration or timeout: 3.06 seconds
For documentation on this error, please visit: http://seleniumhq.org/exceptions/no_such_element.html
Build info: version: '2.40.0', revision: 'fbe29a9', time: '2014-02-19 20:55:11'
System info: host: 'Qualitest-PC', ip: '10.50.2.176', os.name: 'Windows 7', os.arch: 'amd64', os.version: '6.1', java.version: '1.7.0_67'
Session ID: bf315bb8-cfad-45de-b8e1-3ec720e358cf
Driver info: org.openqa.selenium.firefox.FirefoxDriver
Capabilities [{platform=XP, databaseEnabled=true, cssSelectorsEnabled=true, javascriptEnabled=true, acceptSslCerts=true, handlesAlerts=true, browserName=firefox, webStorageEnabled=true, nativeEvents=false, rotatable=false, locationContextEnabled=true, applicationCacheEnabled=true, takesScreenshot=true, version=31.0}]. <b> Cause: </b>org.openqa.selenium.remote.ErrorHandler$UnknownServerException: Unable to locate element: {"method":"css selector","selector":".tr.tr-caret-down"}
Build info: version: '2.40.0', revision: 'fbe29a9', time: '2014-02-19 20:55:11'
System info: host: 'Qualitest-PC', ip: '10.50.2.176', os.name: 'Windows 7', os.arch: 'amd64', os.version: '6.1', java.version: '1.7.0_67'
Driver info: driver.version: unknown
2015-08-31 18:31:47,372  INFO - Ending test Default test
2015-08-31 18:31:47,396  INFO - Ending suite Default suite
