2015-08-26 19:48:17,825  INFO - Starting suite TrendInTestSuite
2015-08-26 19:48:17,837  INFO - Starting test NormalUser
2015-08-26 19:48:17,848  INFO - Starting test method: testClickNewTrendIn
2015-08-26 19:49:32,504  INFO - Ending test method testClickNewTrendIn
2015-08-26 19:49:32,624  INFO - Starting test method: testCloseButton
2015-08-26 19:49:58,560  INFO - Ending test method testCloseButton
2015-08-26 19:49:58,886  INFO - Starting test method: testCloseButtonForgotPassword
2015-08-26 19:50:25,737  INFO - Ending test method testCloseButtonForgotPassword
2015-08-26 19:50:25,984  INFO - Starting test method: testDropDownUserName
2015-08-26 19:51:17,910  INFO - Ending test method testDropDownUserName
2015-08-26 19:51:18,074  INFO - Starting test method: testExistingUserTextFields
2015-08-26 19:54:20,652  INFO - Ending test method testExistingUserTextFields
2015-08-26 19:54:21,549  INFO - Starting test method: testForgotPasswordClick
2015-08-26 19:54:42,916  INFO - Ending test method testForgotPasswordClick
2015-08-26 19:54:43,030  INFO - Starting test method: testMyAccountClick
2015-08-26 19:55:47,359  INFO - Ending test method testMyAccountClick
2015-08-26 19:55:47,483  INFO - Starting test method: testMyOrder
2015-08-26 19:56:12,962  INFO - Ending test method testMyOrder
2015-08-26 19:56:12,963 ERROR - <b> Exception: </b>org.openqa.selenium.NoSuchElementException: Unable to locate element: {"method":"css selector","selector":".tr.tr-caret-down"}
Command duration or timeout: 3.04 seconds
For documentation on this error, please visit: http://seleniumhq.org/exceptions/no_such_element.html
Build info: version: '2.40.0', revision: 'fbe29a9', time: '2014-02-19 20:55:11'
System info: host: 'Qualitest-PC', ip: '10.50.2.176', os.name: 'Windows 7', os.arch: 'amd64', os.version: '6.1', java.version: '1.7.0_67'
Session ID: a1703601-413a-41d7-a01a-1c6516a770c6
Driver info: org.openqa.selenium.firefox.FirefoxDriver
Capabilities [{platform=XP, databaseEnabled=true, cssSelectorsEnabled=true, javascriptEnabled=true, acceptSslCerts=true, handlesAlerts=true, browserName=firefox, webStorageEnabled=true, nativeEvents=false, rotatable=false, locationContextEnabled=true, applicationCacheEnabled=true, takesScreenshot=true, version=31.0}]. <b> Cause: </b>org.openqa.selenium.remote.ErrorHandler$UnknownServerException: Unable to locate element: {"method":"css selector","selector":".tr.tr-caret-down"}
Build info: version: '2.40.0', revision: 'fbe29a9', time: '2014-02-19 20:55:11'
System info: host: 'Qualitest-PC', ip: '10.50.2.176', os.name: 'Windows 7', os.arch: 'amd64', os.version: '6.1', java.version: '1.7.0_67'
Driver info: driver.version: unknown
2015-08-26 19:56:13,317  INFO - Starting test method: testRefreshButton
2015-08-26 19:56:31,884  INFO - Ending test method testRefreshButton
2015-08-26 19:56:31,996  INFO - Starting test method: testReturn
2015-08-26 19:57:05,388  INFO - Ending test method testReturn
2015-08-26 19:57:05,511  INFO - Starting test method: testUserName
2015-08-26 19:57:21,381  INFO - Ending test method testUserName
2015-08-26 19:57:21,384  INFO - Ending test method testUserName
2015-08-26 19:57:21,387  INFO - Ending test method testUserName
2015-08-26 19:57:21,389  INFO - Ending test method testUserName
2015-08-26 19:57:21,391  INFO - Ending test method testUserName
2015-08-26 19:57:21,394  INFO - Ending test method testUserName
2015-08-26 19:57:21,406  INFO - Ending test method testUserName
2015-08-26 19:57:21,408  INFO - Ending test method testUserName
2015-08-26 19:57:21,412  INFO - Ending test method testUserName
2015-08-26 19:57:21,414  INFO - Ending test NormalUser
2015-08-26 19:57:21,453  INFO - Ending suite TrendInTestSuite
