2015-09-21 10:40:02,351  INFO - Starting suite TrendInTestSuite
2015-09-21 10:40:02,360  INFO - Starting test ENDToEnd
2015-09-21 10:40:02,370  INFO - Starting test method: testScenario3
2015-09-21 10:40:42,805  INFO - Ending test method testScenario3
2015-09-21 10:40:42,806 ERROR - <b> Exception: </b>org.openqa.selenium.NoSuchElementException: no such element: Unable to locate element: {"method":"xpath","selector":"//div[@id='product_rows']/div[1]//div//a/span[.='QUICK VIEW']"}
  (Session info: chrome=45.0.2454.93)
  (Driver info: chromedriver=2.19.346078 (6f1f0cde889532d48ce8242342d0b84f94b114a1),platform=Windows NT 6.1 SP1 x86_64) (WARNING: The server did not provide any stacktrace information)
Command duration or timeout: 3.10 seconds
For documentation on this error, please visit: http://seleniumhq.org/exceptions/no_such_element.html
Build info: version: '2.40.0', revision: 'fbe29a9', time: '2014-02-19 20:55:11'
System info: host: 'QualiTest-PC', ip: '192.168.220.1', os.name: 'Windows 7', os.arch: 'amd64', os.version: '6.1', java.version: '1.8.0_51'
Driver info: org.openqa.selenium.chrome.ChromeDriver
Capabilities [{applicationCacheEnabled=false, rotatable=false, mobileEmulationEnabled=false, chrome={userDataDir=C:\Users\QUALIT~1\AppData\Local\Temp\scoped_dir6772_25634}, takesHeapSnapshot=true, databaseEnabled=false, handlesAlerts=true, hasTouchScreen=false, version=45.0.2454.93, platform=XP, browserConnectionEnabled=false, nativeEvents=true, acceptSslCerts=true, locationContextEnabled=true, webStorageEnabled=true, browserName=chrome, takesScreenshot=true, javascriptEnabled=true, cssSelectorsEnabled=true}]
Session ID: cd609895bcddbb64b00d61f08f403f1a. <b> Cause: </b>
2015-09-21 10:40:44,414  INFO - Starting test method: testVerifyCancelOrderPage
2015-09-21 10:42:27,409  INFO - Ending test method testVerifyCancelOrderPage
2015-09-21 10:42:28,813  INFO - Starting test method: testVerifyNewlyRegisteredUser
2015-09-21 10:43:56,321  INFO - Ending test method testVerifyNewlyRegisteredUser
2015-09-21 10:43:57,761  INFO - Starting test method: testVerifyOrderPlacingByLogginginInAddressPage
2015-09-21 10:45:31,225  INFO - Ending test method testVerifyOrderPlacingByLogginginInAddressPage
2015-09-21 10:45:32,659  INFO - Starting test method: testVerifyOrderPlacingByLogginginInHomePage
2015-09-21 10:46:53,117  INFO - Ending test method testVerifyOrderPlacingByLogginginInHomePage
2015-09-21 10:46:53,118 ERROR - <b> Exception: </b>com.trendin.core.util.exceptions.POMMethodExecException: Could find the webElement. <b> Cause: </b>com.trendin.core.util.exceptions.POMMethodExecException: Could not find the matching element
2015-09-21 10:46:54,655  INFO - Ending test ENDToEnd
2015-09-21 10:46:54,712  INFO - Ending suite TrendInTestSuite
