2015-09-11 12:45:33,892  INFO - Starting suite Default suite
2015-09-11 12:45:33,911  INFO - Starting test Default test
2015-09-11 12:45:33,926  INFO - Starting test method: testValidateMailIdTextfield
2015-09-11 12:46:02,189  INFO - Ending test method testValidateMailIdTextfield
2015-09-11 12:46:02,192 ERROR - <b> Exception: </b>com.trendin.core.util.exceptions.POMMethodExecException: Not able to verify the error message for'already registered mail-id' in the Email address textfield. <b> Cause: </b>org.openqa.selenium.interactions.MoveTargetOutOfBoundsException: Offset within element cannot be scrolled into view: (0, 0): [object XrayWrapper [object HTMLButtonElement]]
Command duration or timeout: 47 milliseconds
Build info: version: '2.40.0', revision: 'fbe29a9', time: '2014-02-19 20:55:11'
System info: host: 'QualiTest-PC', ip: '192.168.220.1', os.name: 'Windows 7', os.arch: 'amd64', os.version: '6.1', java.version: '1.8.0_51'
Driver info: org.openqa.selenium.firefox.FirefoxDriver
Capabilities [{applicationCacheEnabled=true, rotatable=false, handlesAlerts=true, databaseEnabled=true, version=31.0, platform=XP, nativeEvents=false, acceptSslCerts=true, webStorageEnabled=true, locationContextEnabled=true, browserName=firefox, takesScreenshot=true, javascriptEnabled=true, cssSelectorsEnabled=true}]
Session ID: 177bfa7c-9955-41d6-8f6f-a087ff0dd5da
2015-09-11 12:46:02,696  INFO - Ending test Default test
2015-09-11 12:46:02,720  INFO - Ending suite Default suite
