2015-09-24 13:42:18,284  INFO - Starting suite TrendInTestSuite
2015-09-24 13:42:18,295  INFO - Starting test EndToEnd
2015-09-24 13:42:18,307  INFO - Starting test method: testScenario3
2015-09-24 13:44:15,283  INFO - Ending test method testScenario3
2015-09-24 13:44:15,667  INFO - Starting test method: testVerifyCancelOrderPage
2015-09-24 13:46:34,108  INFO - Ending test method testVerifyCancelOrderPage
2015-09-24 13:46:34,528  INFO - Starting test method: testVerifyCouponsAndVouchersFaceBookNavigation
2015-09-24 13:48:31,897  INFO - Ending test method testVerifyCouponsAndVouchersFaceBookNavigation
2015-09-24 13:48:32,249  INFO - Starting test method: testVerifyCouponsAndVouchersGoogleNavigation
2015-09-24 13:49:56,455  INFO - Ending test method testVerifyCouponsAndVouchersGoogleNavigation
2015-09-24 13:49:56,789  INFO - Starting test method: testVerifyLoginOrRegisterFacebookNavigation
2015-09-24 13:50:54,043  INFO - Ending test method testVerifyLoginOrRegisterFacebookNavigation
2015-09-24 13:50:54,321  INFO - Starting test method: testVerifyLoginOrRegisterGoogleNavigation
2015-09-24 13:51:36,986  INFO - Ending test method testVerifyLoginOrRegisterGoogleNavigation
2015-09-24 13:51:37,283  INFO - Starting test method: testVerifyNewlyRegisteredUser
2015-09-24 13:54:37,988  INFO - Ending test method testVerifyNewlyRegisteredUser
2015-09-24 13:54:38,351  INFO - Starting test method: testVerifyOrderPlacingByLogginginInAddressPage
2015-09-24 13:55:15,156  INFO - Ending test method testVerifyOrderPlacingByLogginginInAddressPage
2015-09-24 13:55:15,157 ERROR - <b> Exception: </b>com.trendin.core.util.exceptions.POMMethodExecException: Unable to click on quick view of a product category.. <b> Cause: </b>org.openqa.selenium.interactions.MoveTargetOutOfBoundsException: Offset within element cannot be scrolled into view: (0, 0): [object XrayWrapper [object HTMLSpanElement]]
Command duration or timeout: 26 milliseconds
Build info: version: '2.40.0', revision: 'fbe29a9', time: '2014-02-19 20:55:11'
System info: host: 'QualiTest-PC', ip: '192.168.220.1', os.name: 'Windows 7', os.arch: 'amd64', os.version: '6.1', java.version: '1.8.0_51'
Driver info: org.openqa.selenium.firefox.FirefoxDriver
Capabilities [{applicationCacheEnabled=true, rotatable=false, handlesAlerts=true, databaseEnabled=true, version=31.0, platform=XP, nativeEvents=false, acceptSslCerts=true, webStorageEnabled=true, locationContextEnabled=true, browserName=firefox, takesScreenshot=true, javascriptEnabled=true, cssSelectorsEnabled=true}]
Session ID: 94b48cfe-1bef-49e3-aac5-b12c32df9119
2015-09-24 13:55:15,601  INFO - Starting test method: testVerifyOrderPlacingByLogginginInHomePage
2015-09-24 13:57:41,077  INFO - Ending test method testVerifyOrderPlacingByLogginginInHomePage
2015-09-24 13:57:41,476  INFO - Starting test method: testVerifyUserNameInHomePageFromFacebook
2015-09-24 14:01:51,181  INFO - Ending test method testVerifyUserNameInHomePageFromFacebook
2015-09-24 14:01:51,606  INFO - Starting test method: testVerifyUserNameInHomePageFromGoogle
2015-09-24 14:05:20,396  INFO - Ending test method testVerifyUserNameInHomePageFromGoogle
2015-09-24 14:05:20,396 ERROR - <b> Exception: </b>com.trendin.core.util.exceptions.POMMethodExecException: Could find the webElement to get the Text. <b> Cause: </b>com.trendin.core.util.exceptions.POMMethodExecException: Could not find the matching element
2015-09-24 14:05:20,947  INFO - Ending test EndToEnd
2015-09-24 14:05:20,982  INFO - Ending suite TrendInTestSuite
