2015-09-11 12:50:09,091  INFO - Starting suite Default suite
2015-09-11 12:50:09,104  INFO - Starting test Default test
2015-09-11 12:50:09,119  INFO - Starting test method: testValidateMailIdTextfield
2015-09-11 12:50:40,482  INFO - Ending test method testValidateMailIdTextfield
2015-09-11 12:50:40,483 ERROR - <b> Exception: </b>com.trendin.core.util.exceptions.POMMethodExecException: Not able to verify the error message for 'already registered mail-id' in the Email address textfield. <b> Cause: </b>org.openqa.selenium.interactions.MoveTargetOutOfBoundsException: Offset within element cannot be scrolled into view: (0, 0): [object XrayWrapper [object HTMLButtonElement]]
Command duration or timeout: 14 milliseconds
Build info: version: '2.40.0', revision: 'fbe29a9', time: '2014-02-19 20:55:11'
System info: host: 'QualiTest-PC', ip: '192.168.220.1', os.name: 'Windows 7', os.arch: 'amd64', os.version: '6.1', java.version: '1.8.0_51'
Driver info: org.openqa.selenium.firefox.FirefoxDriver
Capabilities [{applicationCacheEnabled=true, rotatable=false, handlesAlerts=true, databaseEnabled=true, version=31.0, platform=XP, nativeEvents=false, acceptSslCerts=true, webStorageEnabled=true, locationContextEnabled=true, browserName=firefox, takesScreenshot=true, javascriptEnabled=true, cssSelectorsEnabled=true}]
Session ID: c9f7e76a-e072-4ea7-8e2d-34274903ba22
2015-09-11 12:50:40,978  INFO - Ending test Default test
2015-09-11 12:50:41,004  INFO - Ending suite Default suite
