2015-08-26 12:12:18,862  INFO - Starting suite Default suite
2015-08-26 12:12:18,872  INFO - Starting test Default test
2015-08-26 12:12:35,851  INFO - Starting test method: testValidationMobileNumber
2015-08-26 12:12:35,982  INFO - Ending test method testValidationMobileNumber
2015-08-26 12:12:35,982 ERROR - <b> Exception: </b>com.trendin.core.util.exceptions.POMMethodExecException: Not able to enter the name. <b> Cause: </b>org.openqa.selenium.interactions.MoveTargetOutOfBoundsException: Offset within element cannot be scrolled into view: (0, 0): [object XrayWrapper [object HTMLInputElement]]
Command duration or timeout: 10 milliseconds
Build info: version: '2.40.0', revision: 'fbe29a9', time: '2014-02-19 20:55:11'
System info: host: 'Qualitest-PC', ip: '10.50.2.176', os.name: 'Windows 7', os.arch: 'amd64', os.version: '6.1', java.version: '1.7.0_67'
Session ID: 9bf977ba-47f9-46c8-abae-ec350feea002
Driver info: org.openqa.selenium.firefox.FirefoxDriver
Capabilities [{platform=XP, databaseEnabled=true, cssSelectorsEnabled=true, javascriptEnabled=true, acceptSslCerts=true, handlesAlerts=true, browserName=firefox, webStorageEnabled=true, nativeEvents=false, rotatable=false, locationContextEnabled=true, applicationCacheEnabled=true, takesScreenshot=true, version=31.0}]
2015-08-26 12:12:36,302  INFO - Ending test Default test
2015-08-26 12:12:36,432  INFO - Ending suite Default suite
