2015-09-11 12:54:31,768  INFO - Starting suite Default suite
2015-09-11 12:54:31,786  INFO - Starting test Default test
2015-09-11 12:54:31,804  INFO - Starting test method: testValidateMailIdTextfield
2015-09-11 12:55:07,567  INFO - Ending test method testValidateMailIdTextfield
2015-09-11 12:55:07,568 ERROR - <b> Exception: </b>com.trendin.core.util.exceptions.POMMethodExecException: Couldn't click on the him button. <b> Cause: </b>org.openqa.selenium.interactions.MoveTargetOutOfBoundsException: Offset within element cannot be scrolled into view: (0, 0): [object XrayWrapper [object HTMLButtonElement]]
Command duration or timeout: 17 milliseconds
Build info: version: '2.40.0', revision: 'fbe29a9', time: '2014-02-19 20:55:11'
System info: host: 'QualiTest-PC', ip: '192.168.220.1', os.name: 'Windows 7', os.arch: 'amd64', os.version: '6.1', java.version: '1.8.0_51'
Driver info: org.openqa.selenium.firefox.FirefoxDriver
Capabilities [{applicationCacheEnabled=true, rotatable=false, handlesAlerts=true, databaseEnabled=true, version=31.0, platform=XP, nativeEvents=false, acceptSslCerts=true, webStorageEnabled=true, locationContextEnabled=true, browserName=firefox, takesScreenshot=true, javascriptEnabled=true, cssSelectorsEnabled=true}]
Session ID: daf11057-9b47-4d62-b26a-eb9fbf1dce08
2015-09-11 12:55:08,050  INFO - Ending test Default test
2015-09-11 12:55:08,074  INFO - Ending suite Default suite
