2015-09-21 10:55:49,831  INFO - Starting suite Default suite
2015-09-21 10:55:49,840  INFO - Starting test Default test
2015-09-21 10:55:49,851  INFO - Starting test method: testScenario3
2015-09-21 10:56:28,317  INFO - Ending test method testScenario3
2015-09-21 10:56:28,318 ERROR - <b> Exception: </b>org.openqa.selenium.NoSuchElementException: no such element: Unable to locate element: {"method":"xpath","selector":"//div[@id='product_rows']/div[1]//div//a/span[.='QUICK VIEW']"}
  (Session info: chrome=45.0.2454.93)
  (Driver info: chromedriver=2.19.346078 (6f1f0cde889532d48ce8242342d0b84f94b114a1),platform=Windows NT 6.1 SP1 x86_64) (WARNING: The server did not provide any stacktrace information)
Command duration or timeout: 3.07 seconds
For documentation on this error, please visit: http://seleniumhq.org/exceptions/no_such_element.html
Build info: version: '2.40.0', revision: 'fbe29a9', time: '2014-02-19 20:55:11'
System info: host: 'QualiTest-PC', ip: '192.168.220.1', os.name: 'Windows 7', os.arch: 'amd64', os.version: '6.1', java.version: '1.8.0_51'
Driver info: org.openqa.selenium.chrome.ChromeDriver
Capabilities [{applicationCacheEnabled=false, rotatable=false, mobileEmulationEnabled=false, chrome={userDataDir=C:\Users\QUALIT~1\AppData\Local\Temp\scoped_dir6564_4245}, takesHeapSnapshot=true, databaseEnabled=false, handlesAlerts=true, hasTouchScreen=false, version=45.0.2454.93, platform=XP, browserConnectionEnabled=false, nativeEvents=true, acceptSslCerts=true, locationContextEnabled=true, webStorageEnabled=true, browserName=chrome, takesScreenshot=true, javascriptEnabled=true, cssSelectorsEnabled=true}]
Session ID: 49fd6dad08db0e1f0baf83160e49d432. <b> Cause: </b>
2015-09-21 10:56:29,793  INFO - Ending test Default test
2015-09-21 10:56:29,847  INFO - Ending suite Default suite
