2015-09-18 16:58:27,151  INFO - Starting suite Default suite
2015-09-18 16:58:27,164  INFO - Starting test Default test
2015-09-18 16:58:27,177  INFO - Starting test method: testVerifyOrderPlacingByLogginginInAddressPage
2015-09-18 17:02:17,790  INFO - Ending test method testVerifyOrderPlacingByLogginginInAddressPage
2015-09-18 17:02:17,792 ERROR - <b> Exception: </b>com.trendin.core.util.exceptions.POMMethodExecException: Could not Click the element: clickOnCartIconXpath, for the locator: xpath. <b> Cause: </b>org.openqa.selenium.ElementNotVisibleException: element not visible
  (Session info: chrome=45.0.2454.93)
  (Driver info: chromedriver=2.19.346078 (6f1f0cde889532d48ce8242342d0b84f94b114a1),platform=Windows NT 6.1 SP1 x86_64) (WARNING: The server did not provide any stacktrace information)
Command duration or timeout: 73 milliseconds
Build info: version: '2.40.0', revision: 'fbe29a9', time: '2014-02-19 20:55:11'
System info: host: 'QualiTest-PC', ip: '10.50.4.211', os.name: 'Windows 7', os.arch: 'amd64', os.version: '6.1', java.version: '1.8.0_51'
Driver info: org.openqa.selenium.chrome.ChromeDriver
Capabilities [{applicationCacheEnabled=false, rotatable=false, mobileEmulationEnabled=false, chrome={userDataDir=C:\Users\QUALIT~1\AppData\Local\Temp\scoped_dir5356_25301}, takesHeapSnapshot=true, databaseEnabled=false, handlesAlerts=true, hasTouchScreen=false, version=45.0.2454.93, platform=XP, browserConnectionEnabled=false, nativeEvents=true, acceptSslCerts=true, locationContextEnabled=true, webStorageEnabled=true, browserName=chrome, takesScreenshot=true, javascriptEnabled=true, cssSelectorsEnabled=true}]
Session ID: 39b44fe9eee594ef04035b4307e9e837
2015-09-18 17:02:19,139  INFO - Ending test Default test
2015-09-18 17:02:19,196  INFO - Ending suite Default suite
