2015-09-18 18:40:36,895  INFO - Starting suite TrendInTestSuite
2015-09-18 18:40:36,906  INFO - Starting test ENDToEnd
2015-09-18 18:40:36,916  INFO - Starting test method: testScenario3
2015-09-18 18:41:27,539  INFO - Ending test method testScenario3
2015-09-18 18:41:27,540 ERROR - <b> Exception: </b>org.openqa.selenium.NoSuchElementException: no such element: Unable to locate element: {"method":"xpath","selector":"//div[@id='product_rows']/div[2]//div//a/span[.='QUICK VIEW']"}
  (Session info: chrome=45.0.2454.93)
  (Driver info: chromedriver=2.19.346078 (6f1f0cde889532d48ce8242342d0b84f94b114a1),platform=Windows NT 6.1 SP1 x86_64) (WARNING: The server did not provide any stacktrace information)
Command duration or timeout: 3.04 seconds
For documentation on this error, please visit: http://seleniumhq.org/exceptions/no_such_element.html
Build info: version: '2.40.0', revision: 'fbe29a9', time: '2014-02-19 20:55:11'
System info: host: 'QualiTest-PC', ip: '10.50.4.211', os.name: 'Windows 7', os.arch: 'amd64', os.version: '6.1', java.version: '1.8.0_51'
Driver info: org.openqa.selenium.chrome.ChromeDriver
Capabilities [{applicationCacheEnabled=false, rotatable=false, mobileEmulationEnabled=false, chrome={userDataDir=C:\Users\QUALIT~1\AppData\Local\Temp\scoped_dir7444_14472}, takesHeapSnapshot=true, databaseEnabled=false, handlesAlerts=true, hasTouchScreen=false, version=45.0.2454.93, platform=XP, browserConnectionEnabled=false, nativeEvents=true, acceptSslCerts=true, locationContextEnabled=true, webStorageEnabled=true, browserName=chrome, takesScreenshot=true, javascriptEnabled=true, cssSelectorsEnabled=true}]
Session ID: ee3e274126f27bb4acd4da0183763dc1. <b> Cause: </b>
2015-09-18 18:41:28,979  INFO - Starting test method: testVerifyCancelOrderPage
2015-09-18 18:43:30,592  INFO - Ending test method testVerifyCancelOrderPage
2015-09-18 18:43:31,889  INFO - Starting test method: testVerifyNewlyRegisteredUser
2015-09-18 18:44:27,236  INFO - Ending test method testVerifyNewlyRegisteredUser
2015-09-18 18:44:27,236 ERROR - <b> Exception: </b>org.openqa.selenium.WebDriverException: unknown error: Element is not clickable at point (805, 459). Other element would receive the click: <div style="overflow: hidden; text-align: center; width: 400px; height: 400px; float: left; z-index: 100; border: 4px solid rgb(136, 136, 136); position: absolute; top: 0px; left: 354px; background-image: url(http://assets.trendin.com/img/app/product/8/81727-202796.jpg); background-color: rgb(255, 255, 255); background-size: 1000px 1500px; background-position: -407.929px -143.28px; background-repeat: no-repeat;" class="zoomWindow">...</div>
  (Session info: chrome=45.0.2454.93)
  (Driver info: chromedriver=2.19.346078 (6f1f0cde889532d48ce8242342d0b84f94b114a1),platform=Windows NT 6.1 SP1 x86_64) (WARNING: The server did not provide any stacktrace information)
Command duration or timeout: 39 milliseconds
Build info: version: '2.40.0', revision: 'fbe29a9', time: '2014-02-19 20:55:11'
System info: host: 'QualiTest-PC', ip: '10.50.4.211', os.name: 'Windows 7', os.arch: 'amd64', os.version: '6.1', java.version: '1.8.0_51'
Driver info: org.openqa.selenium.chrome.ChromeDriver
Capabilities [{applicationCacheEnabled=false, rotatable=false, mobileEmulationEnabled=false, chrome={userDataDir=C:\Users\QUALIT~1\AppData\Local\Temp\scoped_dir3580_4743}, takesHeapSnapshot=true, databaseEnabled=false, handlesAlerts=true, hasTouchScreen=false, version=45.0.2454.93, platform=XP, browserConnectionEnabled=false, nativeEvents=true, acceptSslCerts=true, locationContextEnabled=true, webStorageEnabled=true, browserName=chrome, takesScreenshot=true, javascriptEnabled=true, cssSelectorsEnabled=true}]
Session ID: 61abaf84485a46363416cbd460ccfaf9. <b> Cause: </b>
2015-09-18 18:44:28,571  INFO - Starting test method: testVerifyOrderPlacingByLogginginInAddressPage
2015-09-18 18:46:15,290  INFO - Ending test method testVerifyOrderPlacingByLogginginInAddressPage
2015-09-18 18:46:16,571  INFO - Starting test method: testVerifyOrderPlacingByLogginginInHomePage
2015-09-18 18:48:09,061  INFO - Ending test method testVerifyOrderPlacingByLogginginInHomePage
2015-09-18 18:48:10,484  INFO - Ending test ENDToEnd
2015-09-18 18:48:10,563  INFO - Ending suite TrendInTestSuite
