2015-09-21 11:19:16,462  INFO - Starting suite Default suite
2015-09-21 11:19:16,472  INFO - Starting test Default test
2015-09-21 11:19:16,482  INFO - Starting test method: testScenario3
2015-09-21 11:19:56,763  INFO - Ending test method testScenario3
2015-09-21 11:19:56,764 ERROR - <b> Exception: </b>org.openqa.selenium.NoSuchElementException: no such element: Unable to locate element: {"method":"xpath","selector":"//div[@id='product_rows']/div[2]//div//a/span[.='QUICK VIEW']"}
  (Session info: chrome=45.0.2454.93)
  (Driver info: chromedriver=2.19.346078 (6f1f0cde889532d48ce8242342d0b84f94b114a1),platform=Windows NT 6.1 SP1 x86_64) (WARNING: The server did not provide any stacktrace information)
Command duration or timeout: 3.06 seconds
For documentation on this error, please visit: http://seleniumhq.org/exceptions/no_such_element.html
Build info: version: '2.40.0', revision: 'fbe29a9', time: '2014-02-19 20:55:11'
System info: host: 'QualiTest-PC', ip: '192.168.220.1', os.name: 'Windows 7', os.arch: 'amd64', os.version: '6.1', java.version: '1.8.0_51'
Driver info: org.openqa.selenium.chrome.ChromeDriver
Capabilities [{applicationCacheEnabled=false, rotatable=false, mobileEmulationEnabled=false, chrome={userDataDir=C:\Users\QUALIT~1\AppData\Local\Temp\scoped_dir3424_29392}, takesHeapSnapshot=true, databaseEnabled=false, handlesAlerts=true, hasTouchScreen=false, version=45.0.2454.93, platform=XP, browserConnectionEnabled=false, nativeEvents=true, acceptSslCerts=true, locationContextEnabled=true, webStorageEnabled=true, browserName=chrome, takesScreenshot=true, javascriptEnabled=true, cssSelectorsEnabled=true}]
Session ID: f1a735e9e37e3d729407465310552aff. <b> Cause: </b>
2015-09-21 11:19:58,381  INFO - Ending test Default test
2015-09-21 11:19:58,420  INFO - Ending suite Default suite
