2015-08-24 17:46:50,446  INFO - Starting suite Default suite
2015-08-24 17:46:50,459  INFO - Starting test Default test
2015-08-24 17:47:18,813  INFO - Starting test method: testVerifySignUpGoogle
2015-08-24 17:47:19,377  INFO - Ending test method testVerifySignUpGoogle
2015-08-24 17:47:19,378 ERROR - <b> Exception: </b>com.trendin.core.util.exceptions.POMMethodExecException: Not able to click on sign up with google. <b> Cause: </b>org.openqa.selenium.interactions.MoveTargetOutOfBoundsException: Offset within element cannot be scrolled into view: (0, 0): [object XrayWrapper [object HTMLSpanElement]]
Command duration or timeout: 25 milliseconds
Build info: version: '2.40.0', revision: 'fbe29a9', time: '2014-02-19 20:55:11'
System info: host: 'QualiTest-Hemanth', ip: '10.50.4.185', os.name: 'Windows 7', os.arch: 'amd64', os.version: '6.1', java.version: '1.7.0_67'
Session ID: e8b11382-2cd8-4823-9226-79108689072e
Driver info: org.openqa.selenium.firefox.FirefoxDriver
Capabilities [{platform=XP, acceptSslCerts=true, javascriptEnabled=true, cssSelectorsEnabled=true, databaseEnabled=true, browserName=firefox, handlesAlerts=true, browserConnectionEnabled=true, webStorageEnabled=true, nativeEvents=false, rotatable=false, locationContextEnabled=true, applicationCacheEnabled=true, takesScreenshot=true, version=28.0}]
2015-08-24 17:47:19,648  INFO - Ending test Default test
2015-08-24 17:47:19,896  INFO - Ending suite Default suite
