2015-09-24 16:47:02,210  INFO - Starting suite TrendInTestSuite
2015-09-24 16:47:02,222  INFO - Starting test EndToEnd
2015-09-24 16:47:02,239  INFO - Starting test method: testScenario3
2015-09-24 16:47:55,869  INFO - Ending test method testScenario3
2015-09-24 16:47:55,871 ERROR - <b> Exception: </b>org.openqa.selenium.NoSuchElementException: no such element: Unable to locate element: {"method":"xpath","selector":"//div[@id='product_rows']/div[1]//div[@class='product_wrap']"}
  (Session info: chrome=45.0.2454.99)
  (Driver info: chromedriver=2.19.346078 (6f1f0cde889532d48ce8242342d0b84f94b114a1),platform=Windows NT 6.1 SP1 x86_64) (WARNING: The server did not provide any stacktrace information)
Command duration or timeout: 3.10 seconds
For documentation on this error, please visit: http://seleniumhq.org/exceptions/no_such_element.html
Build info: version: '2.40.0', revision: 'fbe29a9', time: '2014-02-19 20:55:11'
System info: host: 'QualiTest-PC', ip: '192.168.220.1', os.name: 'Windows 7', os.arch: 'amd64', os.version: '6.1', java.version: '1.8.0_51'
Driver info: org.openqa.selenium.chrome.ChromeDriver
Capabilities [{applicationCacheEnabled=false, rotatable=false, mobileEmulationEnabled=false, chrome={userDataDir=C:\Users\QUALIT~1\AppData\Local\Temp\scoped_dir5968_29750}, takesHeapSnapshot=true, databaseEnabled=false, handlesAlerts=true, hasTouchScreen=false, version=45.0.2454.99, platform=XP, browserConnectionEnabled=false, nativeEvents=true, acceptSslCerts=true, locationContextEnabled=true, webStorageEnabled=true, browserName=chrome, takesScreenshot=true, javascriptEnabled=true, cssSelectorsEnabled=true}]
Session ID: 1773383ad26a209aa241c80b4a41cc70. <b> Cause: </b>
2015-09-24 16:47:57,745  INFO - Starting test method: testVerifyCancelOrderPage
2015-09-24 16:50:10,839  INFO - Ending test method testVerifyCancelOrderPage
2015-09-24 16:50:12,369  INFO - Starting test method: testVerifyCouponsAndVouchersFaceBookNavigation
2015-09-24 16:51:41,178  INFO - Ending test method testVerifyCouponsAndVouchersFaceBookNavigation
2015-09-24 16:51:43,142  INFO - Starting test method: testVerifyCouponsAndVouchersGoogleNavigation
2015-09-24 16:53:06,465  INFO - Ending test method testVerifyCouponsAndVouchersGoogleNavigation
2015-09-24 16:53:08,045  INFO - Starting test method: testVerifyLoginOrRegisterFacebookNavigation
2015-09-24 16:54:00,060  INFO - Ending test method testVerifyLoginOrRegisterFacebookNavigation
2015-09-24 16:54:00,060 ERROR - <b> Exception: </b>com.trendin.core.util.exceptions.POMMethodExecException: Could find the webElement to get the Text. <b> Cause: </b>com.trendin.core.util.exceptions.POMMethodExecException: Could not find the matching element
2015-09-24 16:54:01,471  INFO - Starting test method: testVerifyLoginOrRegisterGoogleNavigation
