2015-09-24 13:08:52,366  INFO - Starting suite TrendInTestSuite
2015-09-24 13:08:52,376  INFO - Starting test EndToEnd
2015-09-24 13:08:52,389  INFO - Starting test method: testScenario3
2015-09-24 13:10:50,678  INFO - Ending test method testScenario3
2015-09-24 13:10:51,008  INFO - Starting test method: testVerifyCancelOrderPage
2015-09-24 13:13:32,467  INFO - Ending test method testVerifyCancelOrderPage
2015-09-24 13:13:32,863  INFO - Starting test method: testVerifyCouponsAndVouchersFaceBookNavigation
2015-09-24 13:14:45,546  INFO - Ending test method testVerifyCouponsAndVouchersFaceBookNavigation
2015-09-24 13:14:45,899  INFO - Starting test method: testVerifyCouponsAndVouchersGoogleNavigation
2015-09-24 13:15:53,853  INFO - Ending test method testVerifyCouponsAndVouchersGoogleNavigation
2015-09-24 13:15:54,210  INFO - Starting test method: testVerifyLoginOrRegisterFacebookNavigation
2015-09-24 13:16:55,038  INFO - Ending test method testVerifyLoginOrRegisterFacebookNavigation
2015-09-24 13:16:55,328  INFO - Starting test method: testVerifyLoginOrRegisterGoogleNavigation
2015-09-24 13:17:36,575  INFO - Ending test method testVerifyLoginOrRegisterGoogleNavigation
2015-09-24 13:17:36,895  INFO - Starting test method: testVerifyNewlyRegisteredUser
2015-09-24 13:19:17,666  INFO - Ending test method testVerifyNewlyRegisteredUser
2015-09-24 13:19:18,048  INFO - Starting test method: testVerifyOrderPlacingByLogginginInAddressPage
2015-09-24 13:19:40,611  INFO - Ending test method testVerifyOrderPlacingByLogginginInAddressPage
2015-09-24 13:19:40,611 ERROR - <b> Exception: </b>com.trendin.core.util.exceptions.POMMethodExecException: Unable to click on quick view of a product category.. <b> Cause: </b>org.openqa.selenium.interactions.MoveTargetOutOfBoundsException: Offset within element cannot be scrolled into view: (0, 0): [object XrayWrapper [object HTMLSpanElement]]
Command duration or timeout: 30 milliseconds
Build info: version: '2.40.0', revision: 'fbe29a9', time: '2014-02-19 20:55:11'
System info: host: 'QualiTest-PC', ip: '192.168.220.1', os.name: 'Windows 7', os.arch: 'amd64', os.version: '6.1', java.version: '1.8.0_51'
Driver info: org.openqa.selenium.firefox.FirefoxDriver
Capabilities [{applicationCacheEnabled=true, rotatable=false, handlesAlerts=true, databaseEnabled=true, version=31.0, platform=XP, nativeEvents=false, acceptSslCerts=true, webStorageEnabled=true, locationContextEnabled=true, browserName=firefox, takesScreenshot=true, javascriptEnabled=true, cssSelectorsEnabled=true}]
Session ID: 19e52394-427a-420e-af56-8a440ac4281a
2015-09-24 13:19:41,099  INFO - Starting test method: testVerifyOrderPlacingByLogginginInHomePage
2015-09-24 13:21:30,808  INFO - Ending test method testVerifyOrderPlacingByLogginginInHomePage
2015-09-24 13:21:31,191  INFO - Starting test method: testVerifyUserNameInHomePageFromFacebook
2015-09-24 13:23:28,664  INFO - Ending test method testVerifyUserNameInHomePageFromFacebook
2015-09-24 13:23:29,036  INFO - Starting test method: testVerifyUserNameInHomePageFromGoogle
2015-09-24 13:26:12,625  INFO - Ending test method testVerifyUserNameInHomePageFromGoogle
2015-09-24 13:26:12,981  INFO - Ending test EndToEnd
2015-09-24 13:26:13,008  INFO - Ending suite TrendInTestSuite
