2015-09-24 12:05:56,254  INFO - Starting suite TrendInTestSuite
2015-09-24 12:05:56,270  INFO - Starting test EndToEnd
2015-09-24 12:05:56,288  INFO - Starting test method: testScenario3
2015-09-24 12:07:18,718  INFO - Ending test method testScenario3
2015-09-24 12:07:18,719 ERROR - <b> Exception: </b>com.trendin.core.util.exceptions.POMMethodExecException: Not able to verify Your shipping Address text. <b> Cause: </b>com.trendin.core.util.exceptions.POMMethodExecException: Expected shipping text: YOUR SHIPPING ADDRESS is not same as Actual shipping text: 
2015-09-24 12:07:19,241  INFO - Starting test method: testVerifyCancelOrderPage
2015-09-24 12:09:47,849  INFO - Ending test method testVerifyCancelOrderPage
2015-09-24 12:09:48,291  INFO - Starting test method: testVerifyCouponsAndVouchersFaceBookNavigation
2015-09-24 12:11:31,780  INFO - Ending test method testVerifyCouponsAndVouchersFaceBookNavigation
2015-09-24 12:11:32,190  INFO - Starting test method: testVerifyCouponsAndVouchersGoogleNavigation
2015-09-24 12:12:50,529  INFO - Ending test method testVerifyCouponsAndVouchersGoogleNavigation
2015-09-24 12:12:50,883  INFO - Starting test method: testVerifyLoginOrRegisterFacebookNavigation
2015-09-24 12:13:41,789  INFO - Ending test method testVerifyLoginOrRegisterFacebookNavigation
2015-09-24 12:13:42,116  INFO - Starting test method: testVerifyLoginOrRegisterGoogleNavigation
2015-09-24 12:14:15,776  INFO - Ending test method testVerifyLoginOrRegisterGoogleNavigation
2015-09-24 12:14:16,047  INFO - Starting test method: testVerifyNewlyRegisteredUser
2015-09-24 12:15:27,680  INFO - Ending test method testVerifyNewlyRegisteredUser
2015-09-24 12:15:27,680 ERROR - <b> Exception: </b>com.trendin.core.util.exceptions.POMMethodExecException: Unable to Enter zip code for shipping address page.. <b> Cause: </b>
2015-09-24 12:15:28,200  INFO - Starting test method: testVerifyOrderPlacingByLogginginInAddressPage
2015-09-24 12:15:50,732  INFO - Ending test method testVerifyOrderPlacingByLogginginInAddressPage
2015-09-24 12:15:50,733 ERROR - <b> Exception: </b>com.trendin.core.util.exceptions.POMMethodExecException: Unable to click on quick view of a product category.. <b> Cause: </b>org.openqa.selenium.interactions.MoveTargetOutOfBoundsException: Offset within element cannot be scrolled into view: (0, 0): [object XrayWrapper [object HTMLSpanElement]]
Command duration or timeout: 30 milliseconds
Build info: version: '2.40.0', revision: 'fbe29a9', time: '2014-02-19 20:55:11'
System info: host: 'QualiTest-PC', ip: '192.168.220.1', os.name: 'Windows 7', os.arch: 'amd64', os.version: '6.1', java.version: '1.8.0_51'
Driver info: org.openqa.selenium.firefox.FirefoxDriver
Capabilities [{applicationCacheEnabled=true, rotatable=false, handlesAlerts=true, databaseEnabled=true, version=31.0, platform=XP, nativeEvents=false, acceptSslCerts=true, webStorageEnabled=true, locationContextEnabled=true, browserName=firefox, takesScreenshot=true, javascriptEnabled=true, cssSelectorsEnabled=true}]
Session ID: 344d703e-8ce5-4ba0-b1ac-996eadaa6088
2015-09-24 12:15:51,127  INFO - Starting test method: testVerifyOrderPlacingByLogginginInHomePage
2015-09-24 12:18:16,979  INFO - Ending test method testVerifyOrderPlacingByLogginginInHomePage
2015-09-24 12:18:17,417  INFO - Starting test method: testVerifyUserNameInHomePageFromFacebook
2015-09-24 12:19:54,626  INFO - Ending test method testVerifyUserNameInHomePageFromFacebook
2015-09-24 12:19:55,021  INFO - Starting test method: testVerifyUserNameInHomePageFromGoogle
2015-09-24 12:21:28,461  INFO - Ending test method testVerifyUserNameInHomePageFromGoogle
2015-09-24 12:21:29,032  INFO - Ending test EndToEnd
2015-09-24 12:21:29,064  INFO - Ending suite TrendInTestSuite
