2015-08-26 14:50:11,414  INFO - Starting suite Default suite
2015-08-26 14:50:11,424  INFO - Starting test Default test
2015-08-26 14:50:28,308  INFO - Starting test method: testVerifySignUpGoogle
2015-08-26 14:50:29,010  INFO - Ending test method testVerifySignUpGoogle
2015-08-26 14:50:29,010 ERROR - <b> Exception: </b>com.trendin.core.util.exceptions.POMMethodExecException: Not able to click on sign up with google. <b> Cause: </b>org.openqa.selenium.interactions.MoveTargetOutOfBoundsException: Offset within element cannot be scrolled into view: (0, 0): [object XrayWrapper [object HTMLSpanElement]]
Command duration or timeout: 50 milliseconds
Build info: version: '2.40.0', revision: 'fbe29a9', time: '2014-02-19 20:55:11'
System info: host: 'Qualitest-PC', ip: '10.50.2.176', os.name: 'Windows 7', os.arch: 'amd64', os.version: '6.1', java.version: '1.7.0_67'
Session ID: 333bdd6c-c083-48de-9fe6-8f62b5815b97
Driver info: org.openqa.selenium.firefox.FirefoxDriver
Capabilities [{platform=XP, databaseEnabled=true, cssSelectorsEnabled=true, javascriptEnabled=true, acceptSslCerts=true, handlesAlerts=true, browserName=firefox, webStorageEnabled=true, nativeEvents=false, rotatable=false, locationContextEnabled=true, applicationCacheEnabled=true, takesScreenshot=true, version=31.0}]
2015-08-26 14:50:29,320  INFO - Ending test Default test
2015-08-26 14:50:29,511  INFO - Ending suite Default suite
