2015-09-21 09:54:55,749  INFO - Starting suite TrendInTestSuite
2015-09-21 09:54:55,759  INFO - Starting test ENDToEnd
2015-09-21 09:54:55,771  INFO - Starting test method: testScenario3
2015-09-21 09:56:33,966  INFO - Ending test method testScenario3
2015-09-21 09:56:33,968 ERROR - <b> Exception: </b>org.openqa.selenium.NoSuchElementException: no such element: Unable to locate element: {"method":"xpath","selector":"//div[@id='product_rows']/div[2]//div//a/span[.='QUICK VIEW']"}
  (Session info: chrome=45.0.2454.93)
  (Driver info: chromedriver=2.19.346078 (6f1f0cde889532d48ce8242342d0b84f94b114a1),platform=Windows NT 6.1 SP1 x86_64) (WARNING: The server did not provide any stacktrace information)
Command duration or timeout: 3.07 seconds
For documentation on this error, please visit: http://seleniumhq.org/exceptions/no_such_element.html
Build info: version: '2.40.0', revision: 'fbe29a9', time: '2014-02-19 20:55:11'
System info: host: 'QualiTest-PC', ip: '192.168.220.1', os.name: 'Windows 7', os.arch: 'amd64', os.version: '6.1', java.version: '1.8.0_51'
Driver info: org.openqa.selenium.chrome.ChromeDriver
Capabilities [{applicationCacheEnabled=false, rotatable=false, mobileEmulationEnabled=false, chrome={userDataDir=C:\Users\QUALIT~1\AppData\Local\Temp\scoped_dir5584_13401}, takesHeapSnapshot=true, databaseEnabled=false, handlesAlerts=true, hasTouchScreen=false, version=45.0.2454.93, platform=XP, browserConnectionEnabled=false, nativeEvents=true, acceptSslCerts=true, locationContextEnabled=true, webStorageEnabled=true, browserName=chrome, takesScreenshot=true, javascriptEnabled=true, cssSelectorsEnabled=true}]
Session ID: d280c38d45ba13333e8abd43e6a7b6ba. <b> Cause: </b>
2015-09-21 09:56:35,400  INFO - Starting test method: testVerifyCancelOrderPage
2015-09-21 09:58:05,923  INFO - Ending test method testVerifyCancelOrderPage
2015-09-21 09:58:07,228  INFO - Starting test method: testVerifyNewlyRegisteredUser
2015-09-21 09:59:09,868  INFO - Ending test method testVerifyNewlyRegisteredUser
2015-09-21 09:59:09,869 ERROR - <b> Exception: </b>com.trendin.core.util.exceptions.POMMethodExecException: Unable to Enter zip code for shipping address page.. <b> Cause: </b>
2015-09-21 09:59:11,217  INFO - Starting test method: testVerifyOrderPlacingByLogginginInAddressPage
